2019-08-12 10:01:02,145-<<module>>-INFO->>+++++2019-08-12 10:01:02++++++
2019-08-12 10:01:03,589-<login_account>-INFO->>************进行登录操作************
2019-08-12 10:01:03,590-<login_account>-INFO->>{'Version': '0.0', 'Token': '', 'Connection': 'close', 'User-Agent': 'Mozilla/5.0 (X11; OpenBSD i386) AppleWebKit/537.36 (KHTML, like Gecko) Chrome/36.0.1985.125 Safari/537.36'}
2019-08-12 10:01:03,590-<login_account>-INFO->>{'PhoneNumber': '13100010001', 'Password': 'zxc123..', 'LoginSource': 1, 'PhoneVerificationCode': '123456', 'IP': '', 'MachinID': '', 'NeedCode': 1}
2019-08-12 10:01:04,374-<login_account>-INFO->>{'Result': {'State': '1', 'Msg': '成功'}, 'Token': 'eyJhbGciOiJIUzI1NiIsInR5cCI6IkpXVCJ9.eyJhdWQiOiJHcmVlbiIsImF1dGgiOiIiLCJleHAiOjE1NjgxNjcyNjUsImlhdCI6MTU2NTU3NTIwNSwiaXNzIjoiR3JlZW4iLCJzdWIiOjEwMDAwMDAwMn0.yHcELLV6FmlKXNjU0Xv62Qo3xghxR6u-s970zwBBNtE', 'Data': {'ID': 100000002, 'PhoneNumber': '13100010001', 'CountryCode': '', 'InviteCode': '2FcMFh', 'Email': '', 'IsSetFundPW': 1, 'NickName': '', 'HeadImage': 'http://192.168.28.76:8605/static/bank/zhongxinyinhang.png', 'IsRealCheck': 1, 'RealCheckDes': '', 'IsBindBank': 2, 'IsBindAliPay': 1, 'IsBindWeChatPay': 2, 'Authority': '', 'AccountType': 1, 'LoginAuthority': 1, 'TradeStatus': 2, 'RecommenderID': 100000001, 'RecommenderIDs': '100000001_', 'RegisterSource': 1, 'LastLoginTime': 0, 'CreateTime': 20190805204956}}
2019-08-12 10:01:04,380-<check_price_token>-INFO->>************校验资金密码************
2019-08-12 10:01:04,380-<check_price_token>-INFO->>{'Version': '0.0', 'Token': 'eyJhbGciOiJIUzI1NiIsInR5cCI6IkpXVCJ9.eyJhdWQiOiJHcmVlbiIsImF1dGgiOiIiLCJleHAiOjE1NjgxNjcyNjUsImlhdCI6MTU2NTU3NTIwNSwiaXNzIjoiR3JlZW4iLCJzdWIiOjEwMDAwMDAwMn0.yHcELLV6FmlKXNjU0Xv62Qo3xghxR6u-s970zwBBNtE', 'Connection': 'close', 'User-Agent': 'Mozilla/5.0 (X11; OpenBSD i386) AppleWebKit/537.36 (KHTML, like Gecko) Chrome/36.0.1985.125 Safari/537.36'}
2019-08-12 10:01:05,163-<check_price_token>-INFO->>{'Result': {'State': '1', 'Msg': '成功'}, 'Token': 'eyJhbGciOiJIUzI1NiIsInR5cCI6IkpXVCJ9.eyJhdWQiOiJHcmVlbiIsImF1dGgiOiJ0cmFkZSIsImV4cCI6MTU2NTU4MjQ2NiwiaWF0IjoxNTY1NTc1MjA2LCJpc3MiOiJHcmVlbiIsInN1YiI6MTAwMDAwMDAyfQ._iZ3aFKXsk0nTz9bvMPJ71dN6lM0fdhFGxnfGhcFSuE'}
2019-08-12 10:01:05,164-<__new__>-INFO->>**********建立Socket连接**********
2019-08-12 10:01:06,078-<__init__>-INFO->>************进行登记用户************
2019-08-12 10:01:06,078-<__init__>-INFO->>{'Type': 0, 'UserId': 100000002, 'Token': 'eyJhbGciOiJIUzI1NiIsInR5cCI6IkpXVCJ9.eyJhdWQiOiJHcmVlbiIsImF1dGgiOiJ0cmFkZSIsImV4cCI6MTU2NTU4MjQ2NiwiaWF0IjoxNTY1NTc1MjA2LCJpc3MiOiJHcmVlbiIsInN1YiI6MTAwMDAwMDAyfQ._iZ3aFKXsk0nTz9bvMPJ71dN6lM0fdhFGxnfGhcFSuE', 'Data': {'Source': 1, 'Action': 1}}
2019-08-12 10:01:06,274-<__init__>-INFO->>{"Type":0,"Result":{"State":"1","Msg":"成功"},"Data":null,"TmpData":""}
2019-08-12 10:01:06,274-<order>-INFO->>************进行卖单操作************
2019-08-12 10:01:06,274-<order>-INFO->>{'Type': 1, 'UserID': 100000002, 'Token': 'eyJhbGciOiJIUzI1NiIsInR5cCI6IkpXVCJ9.eyJhdWQiOiJHcmVlbiIsImF1dGgiOiJ0cmFkZSIsImV4cCI6MTU2NTU4MjQ2NiwiaWF0IjoxNTY1NTc1MjA2LCJpc3MiOiJHcmVlbiIsInN1YiI6MTAwMDAwMDAyfQ._iZ3aFKXsk0nTz9bvMPJ71dN6lM0fdhFGxnfGhcFSuE', 'Data': {'BrokerID': 10, 'PriceCoinID': 'USDT', 'TradeCoinID': 'ETH', 'Direction': 83, 'Price': 123400, 'PriceDecimal': 4, 'Volume': 10000000, 'VolumeDecimal': 6, 'OrderSouce': 85, 'OrderType': 1, 'CustomInfo': 'test'}}
2019-08-12 10:01:06,480-<order>-INFO->>{"Type":5,"Result":{"State":"1","Msg":"成功"},"Data":{"ID":82685436166144,"UserID":100000002,"CoinID":"ETH","CoinType":2,"Address":"0x1f2af2263c73c0490678307933428a335c768871","Privkey":"aJ6enJbXvqdtov9TWl7Y0O2zX+g4cQ7bNvInfi4HnqwX/A2Wd7dpNsg6SnwoKrdyJ+vkTKj46FHhErOGcfRY3rJCkxUtLtVLmT7UvkU3uO8=","TotalCoinAmount":20000000000,"FreeAmount":19000000000,"FreezeAmount":0,"PreFreezeAmount":1000000000,"DecimalNum":8,"CreateTime":20190808103945,"TotalRMBAmount":0,"TotalUSDTAmount":0,"USDTDecimal":0,"RMBDecimal":0},"TmpData":""}
2019-08-12 10:18:51,905-<<module>>-INFO->>+++++2019-08-12 10:18:51++++++
2019-08-12 10:18:52,185-<login_account>-INFO->>************进行登录操作************
2019-08-12 10:18:52,186-<login_account>-INFO->>{'Version': '0.0', 'Token': '', 'Connection': 'close', 'User-Agent': 'Mozilla/5.0 (Macintosh; Intel Mac OS X 10_10_1) AppleWebKit/537.36 (KHTML, like Gecko) Chrome/37.0.2062.124 Safari/537.36'}
2019-08-12 10:18:52,186-<login_account>-INFO->>{'PhoneNumber': '13100010001', 'Password': 'zxc123..', 'LoginSource': 1, 'PhoneVerificationCode': '123456', 'IP': '', 'MachinID': '', 'NeedCode': 1}
2019-08-12 10:18:52,978-<login_account>-INFO->>{'Result': {'State': '1', 'Msg': '成功'}, 'Token': 'eyJhbGciOiJIUzI1NiIsInR5cCI6IkpXVCJ9.eyJhdWQiOiJHcmVlbiIsImF1dGgiOiIiLCJleHAiOjE1NjgxNjgzMzQsImlhdCI6MTU2NTU3NjI3NCwiaXNzIjoiR3JlZW4iLCJzdWIiOjEwMDAwMDAwMn0.1dP2mHD2jmGtTCNlQ0Nhh_UDQsxUPR9Aq_Ho9Ihh5Ns', 'Data': {'ID': 100000002, 'PhoneNumber': '13100010001', 'CountryCode': '', 'InviteCode': '2FcMFh', 'Email': '', 'IsSetFundPW': 1, 'NickName': '', 'HeadImage': 'http://192.168.28.76:8605/static/bank/zhongxinyinhang.png', 'IsRealCheck': 1, 'RealCheckDes': '', 'IsBindBank': 2, 'IsBindAliPay': 1, 'IsBindWeChatPay': 2, 'Authority': '', 'AccountType': 1, 'LoginAuthority': 1, 'TradeStatus': 2, 'RecommenderID': 100000001, 'RecommenderIDs': '100000001_', 'RegisterSource': 1, 'LastLoginTime': 0, 'CreateTime': 20190805204956}}
2019-08-12 10:18:52,978-<check_price_token>-INFO->>************校验资金密码************
2019-08-12 10:18:52,978-<check_price_token>-INFO->>{'Version': '0.0', 'Token': 'eyJhbGciOiJIUzI1NiIsInR5cCI6IkpXVCJ9.eyJhdWQiOiJHcmVlbiIsImF1dGgiOiIiLCJleHAiOjE1NjgxNjgzMzQsImlhdCI6MTU2NTU3NjI3NCwiaXNzIjoiR3JlZW4iLCJzdWIiOjEwMDAwMDAwMn0.1dP2mHD2jmGtTCNlQ0Nhh_UDQsxUPR9Aq_Ho9Ihh5Ns', 'Connection': 'close', 'User-Agent': 'Mozilla/5.0 (Macintosh; Intel Mac OS X 10_10_1) AppleWebKit/537.36 (KHTML, like Gecko) Chrome/37.0.2062.124 Safari/537.36'}
2019-08-12 10:18:55,166-<check_price_token>-INFO->>{'Result': {'State': '1', 'Msg': '成功'}, 'Token': 'eyJhbGciOiJIUzI1NiIsInR5cCI6IkpXVCJ9.eyJhdWQiOiJHcmVlbiIsImF1dGgiOiJ0cmFkZSIsImV4cCI6MTU2NTU4MzUzNCwiaWF0IjoxNTY1NTc2Mjc0LCJpc3MiOiJHcmVlbiIsInN1YiI6MTAwMDAwMDAyfQ.qs7u5VNyI_laPrPqozlP3RnvJ2FsKjkS5gGgEnaIApU'}
2019-08-12 10:18:55,167-<__new__>-INFO->>**********建立Socket连接**********
2019-08-12 10:18:56,110-<__init__>-INFO->>************进行登记用户************
2019-08-12 10:18:56,111-<__init__>-INFO->>{'Type': 0, 'UserId': 100000002, 'Token': 'eyJhbGciOiJIUzI1NiIsInR5cCI6IkpXVCJ9.eyJhdWQiOiJHcmVlbiIsImF1dGgiOiJ0cmFkZSIsImV4cCI6MTU2NTU4MzUzNCwiaWF0IjoxNTY1NTc2Mjc0LCJpc3MiOiJHcmVlbiIsInN1YiI6MTAwMDAwMDAyfQ.qs7u5VNyI_laPrPqozlP3RnvJ2FsKjkS5gGgEnaIApU', 'Data': {'Source': 1, 'Action': 1}}
2019-08-12 10:18:56,314-<__init__>-INFO->>{"Type":0,"Result":{"State":"1","Msg":"成功"},"Data":null,"TmpData":""}
2019-08-12 10:18:56,314-<order>-INFO->>************进行卖单操作************
2019-08-12 10:18:56,314-<order>-INFO->>{'Type': 1, 'UserID': 100000002, 'Token': 'eyJhbGciOiJIUzI1NiIsInR5cCI6IkpXVCJ9.eyJhdWQiOiJHcmVlbiIsImF1dGgiOiJ0cmFkZSIsImV4cCI6MTU2NTU4MzUzNCwiaWF0IjoxNTY1NTc2Mjc0LCJpc3MiOiJHcmVlbiIsInN1YiI6MTAwMDAwMDAyfQ.qs7u5VNyI_laPrPqozlP3RnvJ2FsKjkS5gGgEnaIApU', 'Data': {'BrokerID': 10, 'PriceCoinID': 'USDT', 'TradeCoinID': 'ETH', 'Direction': 83, 'Price': 123400, 'PriceDecimal': 4, 'Volume': 10000000, 'VolumeDecimal': 6, 'OrderSouce': 85, 'OrderType': 1, 'CustomInfo': 'test'}}
2019-08-12 10:18:56,527-<order>-INFO->>{"Type":5,"Result":{"State":"1","Msg":"成功"},"Data":{"ID":82685436166144,"UserID":100000002,"CoinID":"ETH","CoinType":2,"Address":"0x1f2af2263c73c0490678307933428a335c768871","Privkey":"aJ6enJbXvqdtov9TWl7Y0O2zX+g4cQ7bNvInfi4HnqwX/A2Wd7dpNsg6SnwoKrdyJ+vkTKj46FHhErOGcfRY3rJCkxUtLtVLmT7UvkU3uO8=","TotalCoinAmount":20000000000,"FreeAmount":18000000000,"FreezeAmount":1000000000,"PreFreezeAmount":1000000000,"DecimalNum":8,"CreateTime":20190808103945,"TotalRMBAmount":0,"TotalUSDTAmount":0,"USDTDecimal":0,"RMBDecimal":0},"TmpData":""}
2019-08-12 10:19:01,529-<order>-INFO->>************进行买单操作************
2019-08-12 10:19:01,529-<order>-INFO->>{'Type': 1, 'UserID': 100000002, 'Token': 'eyJhbGciOiJIUzI1NiIsInR5cCI6IkpXVCJ9.eyJhdWQiOiJHcmVlbiIsImF1dGgiOiJ0cmFkZSIsImV4cCI6MTU2NTU4MzUzNCwiaWF0IjoxNTY1NTc2Mjc0LCJpc3MiOiJHcmVlbiIsInN1YiI6MTAwMDAwMDAyfQ.qs7u5VNyI_laPrPqozlP3RnvJ2FsKjkS5gGgEnaIApU', 'Data': {'BrokerID': 10, 'PriceCoinID': 'USDT', 'TradeCoinID': 'ETH', 'Direction': 66, 'Price': 123400, 'PriceDecimal': 4, 'Volume': 10000000, 'VolumeDecimal': 6, 'OrderSouce': 85, 'OrderType': 1, 'CustomInfo': 'test'}}
2019-08-12 10:19:01,531-<order>-INFO->>{"Type":1,"Result":{"State":"1","Msg":"成功"},"Data":null,"TmpData":""}
2019-08-12 10:19:06,531-<order>-INFO->>************进行卖单操作************
2019-08-12 10:19:06,531-<order>-INFO->>{'Type': 1, 'UserID': 100000002, 'Token': 'eyJhbGciOiJIUzI1NiIsInR5cCI6IkpXVCJ9.eyJhdWQiOiJHcmVlbiIsImF1dGgiOiJ0cmFkZSIsImV4cCI6MTU2NTU4MzUzNCwiaWF0IjoxNTY1NTc2Mjc0LCJpc3MiOiJHcmVlbiIsInN1YiI6MTAwMDAwMDAyfQ.qs7u5VNyI_laPrPqozlP3RnvJ2FsKjkS5gGgEnaIApU', 'Data': {'BrokerID': 10, 'PriceCoinID': 'USDT', 'TradeCoinID': 'ETH', 'Direction': 83, 'Price': 123400, 'PriceDecimal': 4, 'Volume': 10000000, 'VolumeDecimal': 6, 'OrderSouce': 85, 'OrderType': 1, 'CustomInfo': 'test'}}
2019-08-12 10:19:06,533-<order>-INFO->>{"Type":4,"Result":{"State":"1","Msg":"成功"},"Data":{"BrokerID":10,"UserID":100000002,"PriceCoinID":"USDT","TradeCoinID":"ETH","OrderID":317,"FrontID":50001,"OrderFrontID":83249623105536,"FrontTime":20190812101857,"OrderTime":20190812101857000,"OverTime":0,"UpdateTime":0,"CancelTime":0,"Direction":83,"OrderSource":85,"OrderStatus":2,"Price":123400,"PriceDecimal":4,"Volume":10000000,"VolumeDecimal":6,"OrderType":1,"TradeVolume":0,"CancelVolume":0,"CustomInfo":"test","Row":0},"TmpData":""}
2019-08-12 10:19:11,533-<order>-INFO->>************进行买单操作************
2019-08-12 10:19:11,533-<order>-INFO->>{'Type': 1, 'UserID': 100000002, 'Token': 'eyJhbGciOiJIUzI1NiIsInR5cCI6IkpXVCJ9.eyJhdWQiOiJHcmVlbiIsImF1dGgiOiJ0cmFkZSIsImV4cCI6MTU2NTU4MzUzNCwiaWF0IjoxNTY1NTc2Mjc0LCJpc3MiOiJHcmVlbiIsInN1YiI6MTAwMDAwMDAyfQ.qs7u5VNyI_laPrPqozlP3RnvJ2FsKjkS5gGgEnaIApU', 'Data': {'BrokerID': 10, 'PriceCoinID': 'USDT', 'TradeCoinID': 'ETH', 'Direction': 66, 'Price': 123400, 'PriceDecimal': 4, 'Volume': 10000000, 'VolumeDecimal': 6, 'OrderSouce': 85, 'OrderType': 1, 'CustomInfo': 'test'}}
2019-08-12 10:19:11,535-<order>-INFO->>{"Type":5,"Result":{"State":"1","Msg":"成功"},"Data":{"ID":82685436166144,"UserID":100000002,"CoinID":"ETH","CoinType":2,"Address":"0x1f2af2263c73c0490678307933428a335c768871","Privkey":"aJ6enJbXvqdtov9TWl7Y0O2zX+g4cQ7bNvInfi4HnqwX/A2Wd7dpNsg6SnwoKrdyJ+vkTKj46FHhErOGcfRY3rJCkxUtLtVLmT7UvkU3uO8=","TotalCoinAmount":20000000000,"FreeAmount":18000000000,"FreezeAmount":2000000000,"PreFreezeAmount":0,"DecimalNum":8,"CreateTime":20190808103945,"TotalRMBAmount":0,"TotalUSDTAmount":0,"USDTDecimal":0,"RMBDecimal":0},"TmpData":""}
2019-08-12 10:19:16,536-<order>-INFO->>************进行卖单操作************
2019-08-12 10:19:16,536-<order>-INFO->>{'Type': 1, 'UserID': 100000002, 'Token': 'eyJhbGciOiJIUzI1NiIsInR5cCI6IkpXVCJ9.eyJhdWQiOiJHcmVlbiIsImF1dGgiOiJ0cmFkZSIsImV4cCI6MTU2NTU4MzUzNCwiaWF0IjoxNTY1NTc2Mjc0LCJpc3MiOiJHcmVlbiIsInN1YiI6MTAwMDAwMDAyfQ.qs7u5VNyI_laPrPqozlP3RnvJ2FsKjkS5gGgEnaIApU', 'Data': {'BrokerID': 10, 'PriceCoinID': 'USDT', 'TradeCoinID': 'ETH', 'Direction': 83, 'Price': 123400, 'PriceDecimal': 4, 'Volume': 10000000, 'VolumeDecimal': 6, 'OrderSouce': 85, 'OrderType': 1, 'CustomInfo': 'test'}}
2019-08-12 10:19:16,536-<order>-INFO->>{"Type":5,"Result":{"State":"1","Msg":"成功"},"Data":{"ID":82549377548288,"UserID":100000002,"CoinID":"USDT","CoinType":2,"Address":"0x1f2af2263c73c0490678307933428a335c768871","Privkey":"aJ6enJbXvqdtov9TWl7Y0O2zX+g4cQ7bNvInfi4HnqwX/A2Wd7dpNsg6SnwoKrdyJ+vkTKj46FHhErOGcfRY3rJCkxUtLtVLmT7UvkU3uO8=","TotalCoinAmount":895992000000000,"FreeAmount":895979635320000,"FreezeAmount":-1703400000,"PreFreezeAmount":14068080000,"DecimalNum":8,"CreateTime":20190807113541,"TotalRMBAmount":0,"TotalUSDTAmount":0,"USDTDecimal":0,"RMBDecimal":0},"TmpData":""}
2019-08-12 10:19:21,537-<order>-INFO->>************进行买单操作************
2019-08-12 10:19:21,537-<order>-INFO->>{'Type': 1, 'UserID': 100000002, 'Token': 'eyJhbGciOiJIUzI1NiIsInR5cCI6IkpXVCJ9.eyJhdWQiOiJHcmVlbiIsImF1dGgiOiJ0cmFkZSIsImV4cCI6MTU2NTU4MzUzNCwiaWF0IjoxNTY1NTc2Mjc0LCJpc3MiOiJHcmVlbiIsInN1YiI6MTAwMDAwMDAyfQ.qs7u5VNyI_laPrPqozlP3RnvJ2FsKjkS5gGgEnaIApU', 'Data': {'BrokerID': 10, 'PriceCoinID': 'USDT', 'TradeCoinID': 'ETH', 'Direction': 66, 'Price': 123400, 'PriceDecimal': 4, 'Volume': 10000000, 'VolumeDecimal': 6, 'OrderSouce': 85, 'OrderType': 1, 'CustomInfo': 'test'}}
2019-08-12 10:19:21,537-<order>-INFO->>{"Type":1,"Result":{"State":"1","Msg":"成功"},"Data":null,"TmpData":""}
2019-08-12 10:19:26,539-<order>-INFO->>************进行卖单操作************
2019-08-12 10:19:26,539-<order>-INFO->>{'Type': 1, 'UserID': 100000002, 'Token': 'eyJhbGciOiJIUzI1NiIsInR5cCI6IkpXVCJ9.eyJhdWQiOiJHcmVlbiIsImF1dGgiOiJ0cmFkZSIsImV4cCI6MTU2NTU4MzUzNCwiaWF0IjoxNTY1NTc2Mjc0LCJpc3MiOiJHcmVlbiIsInN1YiI6MTAwMDAwMDAyfQ.qs7u5VNyI_laPrPqozlP3RnvJ2FsKjkS5gGgEnaIApU', 'Data': {'BrokerID': 10, 'PriceCoinID': 'USDT', 'TradeCoinID': 'ETH', 'Direction': 83, 'Price': 123400, 'PriceDecimal': 4, 'Volume': 10000000, 'VolumeDecimal': 6, 'OrderSouce': 85, 'OrderType': 1, 'CustomInfo': 'test'}}
2019-08-12 10:19:26,539-<order>-INFO->>{"Type":4,"Result":{"State":"1","Msg":"成功"},"Data":{"BrokerID":10,"UserID":100000002,"PriceCoinID":"USDT","TradeCoinID":"ETH","OrderID":318,"FrontID":50001,"OrderFrontID":83249631657984,"FrontTime":20190812101902,"OrderTime":20190812101902000,"OverTime":0,"UpdateTime":0,"CancelTime":0,"Direction":66,"OrderSource":85,"OrderStatus":2,"Price":123400,"PriceDecimal":4,"Volume":10000000,"VolumeDecimal":6,"OrderType":1,"TradeVolume":0,"CancelVolume":0,"CustomInfo":"test","Row":0},"TmpData":""}
2019-08-12 10:19:31,539-<order>-INFO->>************进行买单操作************
2019-08-12 10:19:31,539-<order>-INFO->>{'Type': 1, 'UserID': 100000002, 'Token': 'eyJhbGciOiJIUzI1NiIsInR5cCI6IkpXVCJ9.eyJhdWQiOiJHcmVlbiIsImF1dGgiOiJ0cmFkZSIsImV4cCI6MTU2NTU4MzUzNCwiaWF0IjoxNTY1NTc2Mjc0LCJpc3MiOiJHcmVlbiIsInN1YiI6MTAwMDAwMDAyfQ.qs7u5VNyI_laPrPqozlP3RnvJ2FsKjkS5gGgEnaIApU', 'Data': {'BrokerID': 10, 'PriceCoinID': 'USDT', 'TradeCoinID': 'ETH', 'Direction': 66, 'Price': 123400, 'PriceDecimal': 4, 'Volume': 10000000, 'VolumeDecimal': 6, 'OrderSouce': 85, 'OrderType': 1, 'CustomInfo': 'test'}}
2019-08-12 10:19:31,541-<order>-INFO->>{"Type":4,"Result":{"State":"1","Msg":"成功"},"Data":{"BrokerID":10,"UserID":100000002,"PriceCoinID":"USDT","TradeCoinID":"ETH","OrderID":318,"FrontID":50001,"OrderFrontID":83249631657984,"FrontTime":20190812101902,"OrderTime":20190812101902000,"OverTime":0,"UpdateTime":20190812101902000,"CancelTime":0,"Direction":66,"OrderSource":85,"OrderStatus":4,"Price":123400,"PriceDecimal":4,"Volume":10000000,"VolumeDecimal":6,"OrderType":1,"TradeVolume":10000000,"CancelVolume":0,"CustomInfo":"test","Row":0},"TmpData":""}
2019-08-12 10:35:51,922-<<module>>-INFO->>+++++2019-08-12 10:35:51++++++
2019-08-12 10:35:52,185-<login_account>-INFO->>************进行登录操作************
2019-08-12 10:35:52,186-<login_account>-INFO->>{'Version': '0.0', 'Token': '', 'Connection': 'close', 'User-Agent': 'Mozilla/5.0 (Macintosh; Intel Mac OS X 10_7_5) AppleWebKit/537.36 (KHTML, like Gecko) Chrome/27.0.1453.93 Safari/537.36'}
2019-08-12 10:35:52,186-<login_account>-INFO->>{'PhoneNumber': '13100010001', 'Password': 'zxc123..', 'LoginSource': 1, 'PhoneVerificationCode': '123456', 'IP': '', 'MachinID': '', 'NeedCode': 1}
2019-08-12 10:35:52,980-<login_account>-INFO->>{'Result': {'State': '1', 'Msg': '成功'}, 'Token': 'eyJhbGciOiJIUzI1NiIsInR5cCI6IkpXVCJ9.eyJhdWQiOiJHcmVlbiIsImF1dGgiOiIiLCJleHAiOjE1NjgxNjkzNTQsImlhdCI6MTU2NTU3NzI5NCwiaXNzIjoiR3JlZW4iLCJzdWIiOjEwMDAwMDAwMn0.j_QzaghgaaT8SwKy_0iUymw_b51hnCFJUjtYSOSiMjE', 'Data': {'ID': 100000002, 'PhoneNumber': '13100010001', 'CountryCode': '', 'InviteCode': '2FcMFh', 'Email': '', 'IsSetFundPW': 1, 'NickName': '', 'HeadImage': 'http://192.168.28.76:8605/static/bank/zhongxinyinhang.png', 'IsRealCheck': 1, 'RealCheckDes': '', 'IsBindBank': 2, 'IsBindAliPay': 1, 'IsBindWeChatPay': 2, 'Authority': '', 'AccountType': 1, 'LoginAuthority': 1, 'TradeStatus': 2, 'RecommenderID': 100000001, 'RecommenderIDs': '100000001_', 'RegisterSource': 1, 'LastLoginTime': 0, 'CreateTime': 20190805204956}}
2019-08-12 10:35:52,981-<check_price_token>-INFO->>************校验资金密码************
2019-08-12 10:35:52,981-<check_price_token>-INFO->>{'Version': '0.0', 'Token': 'eyJhbGciOiJIUzI1NiIsInR5cCI6IkpXVCJ9.eyJhdWQiOiJHcmVlbiIsImF1dGgiOiIiLCJleHAiOjE1NjgxNjkzNTQsImlhdCI6MTU2NTU3NzI5NCwiaXNzIjoiR3JlZW4iLCJzdWIiOjEwMDAwMDAwMn0.j_QzaghgaaT8SwKy_0iUymw_b51hnCFJUjtYSOSiMjE', 'Connection': 'close', 'User-Agent': 'Mozilla/5.0 (Macintosh; Intel Mac OS X 10_7_5) AppleWebKit/537.36 (KHTML, like Gecko) Chrome/27.0.1453.93 Safari/537.36'}
2019-08-12 10:35:53,757-<check_price_token>-INFO->>{'Result': {'State': '1', 'Msg': '成功'}, 'Token': 'eyJhbGciOiJIUzI1NiIsInR5cCI6IkpXVCJ9.eyJhdWQiOiJHcmVlbiIsImF1dGgiOiJ0cmFkZSIsImV4cCI6MTU2NTU4NDU1NCwiaWF0IjoxNTY1NTc3Mjk0LCJpc3MiOiJHcmVlbiIsInN1YiI6MTAwMDAwMDAyfQ.CMKrC9uTBJulGY7QXHwdXaTpjhayxby3maW3XVWwTFI'}
2019-08-12 10:35:53,757-<__new__>-INFO->>**********建立Socket连接**********
2019-08-12 10:35:54,675-<__init__>-INFO->>************进行登记用户************
2019-08-12 10:35:54,676-<__init__>-INFO->>{'Type': 0, 'UserId': 100000002, 'Token': 'eyJhbGciOiJIUzI1NiIsInR5cCI6IkpXVCJ9.eyJhdWQiOiJHcmVlbiIsImF1dGgiOiJ0cmFkZSIsImV4cCI6MTU2NTU4NDU1NCwiaWF0IjoxNTY1NTc3Mjk0LCJpc3MiOiJHcmVlbiIsInN1YiI6MTAwMDAwMDAyfQ.CMKrC9uTBJulGY7QXHwdXaTpjhayxby3maW3XVWwTFI', 'Data': {'Source': 1, 'Action': 1}}
2019-08-12 10:35:54,865-<__init__>-INFO->>{"Type":0,"Result":{"State":"1","Msg":"成功"},"Data":null,"TmpData":""}
2019-08-12 10:35:54,865-<order>-INFO->>************进行卖单操作************
2019-08-12 10:35:54,866-<order>-INFO->>{'Type': 1, 'UserID': 100000002, 'Token': 'eyJhbGciOiJIUzI1NiIsInR5cCI6IkpXVCJ9.eyJhdWQiOiJHcmVlbiIsImF1dGgiOiJ0cmFkZSIsImV4cCI6MTU2NTU4NDU1NCwiaWF0IjoxNTY1NTc3Mjk0LCJpc3MiOiJHcmVlbiIsInN1YiI6MTAwMDAwMDAyfQ.CMKrC9uTBJulGY7QXHwdXaTpjhayxby3maW3XVWwTFI', 'Data': {'BrokerID': 10, 'PriceCoinID': 'USDT', 'TradeCoinID': 'ETH', 'Direction': 83, 'Price': 123400, 'PriceDecimal': 4, 'Volume': 10000000, 'VolumeDecimal': 6, 'OrderSouce': 85, 'OrderType': 1, 'CustomInfo': 'test'}}
2019-08-12 10:35:55,065-<order>-INFO->>{"Type":5,"Result":{"State":"1","Msg":"成功"},"Data":{"ID":82685436166144,"UserID":100000002,"CoinID":"ETH","CoinType":2,"Address":"0x1f2af2263c73c0490678307933428a335c768871","Privkey":"aJ6enJbXvqdtov9TWl7Y0O2zX+g4cQ7bNvInfi4HnqwX/A2Wd7dpNsg6SnwoKrdyJ+vkTKj46FHhErOGcfRY3rJCkxUtLtVLmT7UvkU3uO8=","TotalCoinAmount":20000000000,"FreeAmount":18000000000,"FreezeAmount":1000000000,"PreFreezeAmount":1000000000,"DecimalNum":8,"CreateTime":20190808103945,"TotalRMBAmount":0,"TotalUSDTAmount":0,"USDTDecimal":0,"RMBDecimal":0},"TmpData":""}
2019-08-12 10:36:00,066-<order>-INFO->>************进行买单操作************
2019-08-12 10:36:00,066-<order>-INFO->>{'Type': 1, 'UserID': 100000002, 'Token': 'eyJhbGciOiJIUzI1NiIsInR5cCI6IkpXVCJ9.eyJhdWQiOiJHcmVlbiIsImF1dGgiOiJ0cmFkZSIsImV4cCI6MTU2NTU4NDU1NCwiaWF0IjoxNTY1NTc3Mjk0LCJpc3MiOiJHcmVlbiIsInN1YiI6MTAwMDAwMDAyfQ.CMKrC9uTBJulGY7QXHwdXaTpjhayxby3maW3XVWwTFI', 'Data': {'BrokerID': 10, 'PriceCoinID': 'USDT', 'TradeCoinID': 'ETH', 'Direction': 66, 'Price': 123400, 'PriceDecimal': 4, 'Volume': 10000000, 'VolumeDecimal': 6, 'OrderSouce': 85, 'OrderType': 1, 'CustomInfo': 'test'}}
2019-08-12 10:36:00,066-<order>-INFO->>{"Type":1,"Result":{"State":"1","Msg":"成功"},"Data":null,"TmpData":""}
2019-08-12 10:36:05,068-<order>-INFO->>************进行卖单操作************
2019-08-12 10:36:05,068-<order>-INFO->>{'Type': 1, 'UserID': 100000002, 'Token': 'eyJhbGciOiJIUzI1NiIsInR5cCI6IkpXVCJ9.eyJhdWQiOiJHcmVlbiIsImF1dGgiOiJ0cmFkZSIsImV4cCI6MTU2NTU4NDU1NCwiaWF0IjoxNTY1NTc3Mjk0LCJpc3MiOiJHcmVlbiIsInN1YiI6MTAwMDAwMDAyfQ.CMKrC9uTBJulGY7QXHwdXaTpjhayxby3maW3XVWwTFI', 'Data': {'BrokerID': 10, 'PriceCoinID': 'USDT', 'TradeCoinID': 'ETH', 'Direction': 83, 'Price': 123400, 'PriceDecimal': 4, 'Volume': 10000000, 'VolumeDecimal': 6, 'OrderSouce': 85, 'OrderType': 1, 'CustomInfo': 'test'}}
2019-08-12 10:36:05,068-<order>-INFO->>{"Type":4,"Result":{"State":"1","Msg":"成功"},"Data":{"BrokerID":10,"UserID":100000002,"PriceCoinID":"USDT","TradeCoinID":"ETH","OrderID":326,"FrontID":50001,"OrderFrontID":83251291897856,"FrontTime":20190812103556,"OrderTime":20190812103556000,"OverTime":0,"UpdateTime":0,"CancelTime":0,"Direction":83,"OrderSource":85,"OrderStatus":2,"Price":123400,"PriceDecimal":4,"Volume":10000000,"VolumeDecimal":6,"OrderType":1,"TradeVolume":0,"CancelVolume":0,"CustomInfo":"test","Row":0},"TmpData":""}
2019-08-12 11:06:19,647-<<module>>-INFO->>+++++2019-08-12 11:06:19++++++
2019-08-12 11:06:19,967-<login_account>-INFO->>************进行登录操作************
2019-08-12 11:06:19,967-<login_account>-INFO->>{'Version': '0.0', 'Token': '', 'Connection': 'close', 'User-Agent': 'Mozilla/5.0 (Macintosh; Intel Mac OS X 10_10; rv:33.0) Gecko/20100101 Firefox/33.0'}
2019-08-12 11:06:19,967-<login_account>-INFO->>{'PhoneNumber': '13100010001', 'Password': 'zxc123..', 'LoginSource': 1, 'PhoneVerificationCode': '123456', 'IP': '', 'MachinID': '', 'NeedCode': 1}
2019-08-12 11:06:20,781-<login_account>-INFO->>{'Result': {'State': '1', 'Msg': '成功'}, 'Token': 'eyJhbGciOiJIUzI1NiIsInR5cCI6IkpXVCJ9.eyJhdWQiOiJHcmVlbiIsImF1dGgiOiIiLCJleHAiOjE1NjgxNzExODEsImlhdCI6MTU2NTU3OTEyMSwiaXNzIjoiR3JlZW4iLCJzdWIiOjEwMDAwMDAwMn0.eAbBdsb7bKS1nk8X8IYnFIk5K6LdItHGw9L6O3CtbsA', 'Data': {'ID': 100000002, 'PhoneNumber': '13100010001', 'CountryCode': '', 'InviteCode': '2FcMFh', 'Email': '', 'IsSetFundPW': 1, 'NickName': '', 'HeadImage': 'http://192.168.28.76:8605/static/bank/zhongxinyinhang.png', 'IsRealCheck': 1, 'RealCheckDes': '', 'IsBindBank': 2, 'IsBindAliPay': 1, 'IsBindWeChatPay': 2, 'Authority': '', 'AccountType': 1, 'LoginAuthority': 1, 'TradeStatus': 2, 'RecommenderID': 100000001, 'RecommenderIDs': '100000001_', 'RegisterSource': 1, 'LastLoginTime': 0, 'CreateTime': 20190805204956}}
2019-08-12 11:06:20,781-<check_price_token>-INFO->>************校验资金密码************
2019-08-12 11:06:20,781-<check_price_token>-INFO->>{'Version': '0.0', 'Token': 'eyJhbGciOiJIUzI1NiIsInR5cCI6IkpXVCJ9.eyJhdWQiOiJHcmVlbiIsImF1dGgiOiIiLCJleHAiOjE1NjgxNzExODEsImlhdCI6MTU2NTU3OTEyMSwiaXNzIjoiR3JlZW4iLCJzdWIiOjEwMDAwMDAwMn0.eAbBdsb7bKS1nk8X8IYnFIk5K6LdItHGw9L6O3CtbsA', 'Connection': 'close', 'User-Agent': 'Mozilla/5.0 (Macintosh; Intel Mac OS X 10_10; rv:33.0) Gecko/20100101 Firefox/33.0'}
2019-08-12 11:06:21,607-<check_price_token>-INFO->>{'Result': {'State': '1', 'Msg': '成功'}, 'Token': 'eyJhbGciOiJIUzI1NiIsInR5cCI6IkpXVCJ9.eyJhdWQiOiJHcmVlbiIsImF1dGgiOiJ0cmFkZSIsImV4cCI6MTU2NTU4NjM4MiwiaWF0IjoxNTY1NTc5MTIyLCJpc3MiOiJHcmVlbiIsInN1YiI6MTAwMDAwMDAyfQ.5FmPxay5h4zP1q2Ld_hVnEka_z31G-zNlxWwTb6f4rY'}
2019-08-12 11:06:21,608-<__new__>-INFO->>**********建立Socket连接**********
2019-08-12 11:06:23,519-<__init__>-INFO->>************进行登记用户************
2019-08-12 11:06:23,519-<__init__>-INFO->>{'Type': 0, 'UserId': 100000002, 'Token': 'eyJhbGciOiJIUzI1NiIsInR5cCI6IkpXVCJ9.eyJhdWQiOiJHcmVlbiIsImF1dGgiOiJ0cmFkZSIsImV4cCI6MTU2NTU4NjM4MiwiaWF0IjoxNTY1NTc5MTIyLCJpc3MiOiJHcmVlbiIsInN1YiI6MTAwMDAwMDAyfQ.5FmPxay5h4zP1q2Ld_hVnEka_z31G-zNlxWwTb6f4rY', 'Data': {'Source': 1, 'Action': 1}}
2019-08-12 11:06:23,712-<__init__>-INFO->>{"Type":0,"Result":{"State":"1","Msg":"成功"},"Data":null,"TmpData":""}
2019-08-12 11:06:23,713-<order>-INFO->>************进行卖单操作************
2019-08-12 11:06:23,713-<order>-INFO->>{'Type': 1, 'UserID': 100000002, 'Token': 'eyJhbGciOiJIUzI1NiIsInR5cCI6IkpXVCJ9.eyJhdWQiOiJHcmVlbiIsImF1dGgiOiJ0cmFkZSIsImV4cCI6MTU2NTU4NjM4MiwiaWF0IjoxNTY1NTc5MTIyLCJpc3MiOiJHcmVlbiIsInN1YiI6MTAwMDAwMDAyfQ.5FmPxay5h4zP1q2Ld_hVnEka_z31G-zNlxWwTb6f4rY', 'Data': {'BrokerID': 10, 'PriceCoinID': 'USDT', 'TradeCoinID': 'ETH', 'Direction': 83, 'Price': 123400, 'PriceDecimal': 4, 'Volume': 10000000, 'VolumeDecimal': 6, 'OrderSouce': 85, 'OrderType': 1, 'CustomInfo': 'test'}}
2019-08-12 11:06:23,919-<order>-INFO->>{"Type":5,"Result":{"State":"1","Msg":"成功"},"Data":{"ID":82685436166144,"UserID":100000002,"CoinID":"ETH","CoinType":2,"Address":"0x1f2af2263c73c0490678307933428a335c768871","Privkey":"aJ6enJbXvqdtov9TWl7Y0O2zX+g4cQ7bNvInfi4HnqwX/A2Wd7dpNsg6SnwoKrdyJ+vkTKj46FHhErOGcfRY3rJCkxUtLtVLmT7UvkU3uO8=","TotalCoinAmount":21000000000,"FreeAmount":17000000000,"FreezeAmount":3000000000,"PreFreezeAmount":1000000000,"DecimalNum":8,"CreateTime":20190808103945,"TotalRMBAmount":0,"TotalUSDTAmount":0,"USDTDecimal":0,"RMBDecimal":0},"TmpData":""}
2019-08-12 11:06:28,921-<order>-INFO->>************进行买单操作************
2019-08-12 11:06:28,921-<order>-INFO->>{'Type': 1, 'UserID': 100000002, 'Token': 'eyJhbGciOiJIUzI1NiIsInR5cCI6IkpXVCJ9.eyJhdWQiOiJHcmVlbiIsImF1dGgiOiJ0cmFkZSIsImV4cCI6MTU2NTU4NjM4MiwiaWF0IjoxNTY1NTc5MTIyLCJpc3MiOiJHcmVlbiIsInN1YiI6MTAwMDAwMDAyfQ.5FmPxay5h4zP1q2Ld_hVnEka_z31G-zNlxWwTb6f4rY', 'Data': {'BrokerID': 10, 'PriceCoinID': 'USDT', 'TradeCoinID': 'ETH', 'Direction': 66, 'Price': 123400, 'PriceDecimal': 4, 'Volume': 10000000, 'VolumeDecimal': 6, 'OrderSouce': 85, 'OrderType': 1, 'CustomInfo': 'test'}}
2019-08-12 11:06:28,923-<order>-INFO->>{"Type":1,"Result":{"State":"1","Msg":"成功"},"Data":null,"TmpData":""}
2019-08-12 11:06:33,926-<order>-INFO->>************进行卖单操作************
2019-08-12 11:06:33,926-<order>-INFO->>{'Type': 1, 'UserID': 100000002, 'Token': 'eyJhbGciOiJIUzI1NiIsInR5cCI6IkpXVCJ9.eyJhdWQiOiJHcmVlbiIsImF1dGgiOiJ0cmFkZSIsImV4cCI6MTU2NTU4NjM4MiwiaWF0IjoxNTY1NTc5MTIyLCJpc3MiOiJHcmVlbiIsInN1YiI6MTAwMDAwMDAyfQ.5FmPxay5h4zP1q2Ld_hVnEka_z31G-zNlxWwTb6f4rY', 'Data': {'BrokerID': 10, 'PriceCoinID': 'USDT', 'TradeCoinID': 'ETH', 'Direction': 83, 'Price': 123400, 'PriceDecimal': 4, 'Volume': 10000000, 'VolumeDecimal': 6, 'OrderSouce': 85, 'OrderType': 1, 'CustomInfo': 'test'}}
2019-08-12 11:06:33,929-<order>-INFO->>{"Type":4,"Result":{"State":"1","Msg":"成功"},"Data":{"BrokerID":10,"UserID":100000002,"PriceCoinID":"USDT","TradeCoinID":"ETH","OrderID":330,"FrontID":50001,"OrderFrontID":83254288236544,"FrontTime":20190812110624,"OrderTime":20190812110624000,"OverTime":0,"UpdateTime":0,"CancelTime":0,"Direction":83,"OrderSource":85,"OrderStatus":2,"Price":123400,"PriceDecimal":4,"Volume":10000000,"VolumeDecimal":6,"OrderType":1,"TradeVolume":0,"CancelVolume":0,"CustomInfo":"test","Row":0},"TmpData":""}
2019-08-12 11:06:38,930-<order>-INFO->>************进行买单操作************
2019-08-12 11:06:38,930-<order>-INFO->>{'Type': 1, 'UserID': 100000002, 'Token': 'eyJhbGciOiJIUzI1NiIsInR5cCI6IkpXVCJ9.eyJhdWQiOiJHcmVlbiIsImF1dGgiOiJ0cmFkZSIsImV4cCI6MTU2NTU4NjM4MiwiaWF0IjoxNTY1NTc5MTIyLCJpc3MiOiJHcmVlbiIsInN1YiI6MTAwMDAwMDAyfQ.5FmPxay5h4zP1q2Ld_hVnEka_z31G-zNlxWwTb6f4rY', 'Data': {'BrokerID': 10, 'PriceCoinID': 'USDT', 'TradeCoinID': 'ETH', 'Direction': 66, 'Price': 123400, 'PriceDecimal': 4, 'Volume': 10000000, 'VolumeDecimal': 6, 'OrderSouce': 85, 'OrderType': 1, 'CustomInfo': 'test'}}
2019-08-12 11:06:38,930-<order>-INFO->>{"Type":5,"Result":{"State":"1","Msg":"成功"},"Data":{"ID":82685436166144,"UserID":100000002,"CoinID":"ETH","CoinType":2,"Address":"0x1f2af2263c73c0490678307933428a335c768871","Privkey":"aJ6enJbXvqdtov9TWl7Y0O2zX+g4cQ7bNvInfi4HnqwX/A2Wd7dpNsg6SnwoKrdyJ+vkTKj46FHhErOGcfRY3rJCkxUtLtVLmT7UvkU3uO8=","TotalCoinAmount":21000000000,"FreeAmount":17000000000,"FreezeAmount":4000000000,"PreFreezeAmount":0,"DecimalNum":8,"CreateTime":20190808103945,"TotalRMBAmount":0,"TotalUSDTAmount":0,"USDTDecimal":0,"RMBDecimal":0},"TmpData":""}
2019-08-12 11:06:43,931-<order>-INFO->>************进行卖单操作************
2019-08-12 11:06:43,931-<order>-INFO->>{'Type': 1, 'UserID': 100000002, 'Token': 'eyJhbGciOiJIUzI1NiIsInR5cCI6IkpXVCJ9.eyJhdWQiOiJHcmVlbiIsImF1dGgiOiJ0cmFkZSIsImV4cCI6MTU2NTU4NjM4MiwiaWF0IjoxNTY1NTc5MTIyLCJpc3MiOiJHcmVlbiIsInN1YiI6MTAwMDAwMDAyfQ.5FmPxay5h4zP1q2Ld_hVnEka_z31G-zNlxWwTb6f4rY', 'Data': {'BrokerID': 10, 'PriceCoinID': 'USDT', 'TradeCoinID': 'ETH', 'Direction': 83, 'Price': 123400, 'PriceDecimal': 4, 'Volume': 10000000, 'VolumeDecimal': 6, 'OrderSouce': 85, 'OrderType': 1, 'CustomInfo': 'test'}}
2019-08-12 11:06:43,933-<order>-INFO->>{"Type":5,"Result":{"State":"1","Msg":"成功"},"Data":{"ID":82549377548288,"UserID":100000002,"CoinID":"USDT","CoinType":2,"Address":"0x1f2af2263c73c0490678307933428a335c768871","Privkey":"aJ6enJbXvqdtov9TWl7Y0O2zX+g4cQ7bNvInfi4HnqwX/A2Wd7dpNsg6SnwoKrdyJ+vkTKj46FHhErOGcfRY3rJCkxUtLtVLmT7UvkU3uO8=","TotalCoinAmount":895989798560000,"FreeAmount":895977433880000,"FreezeAmount":-1703400000,"PreFreezeAmount":14068080000,"DecimalNum":8,"CreateTime":20190807113541,"TotalRMBAmount":0,"TotalUSDTAmount":0,"USDTDecimal":0,"RMBDecimal":0},"TmpData":""}
2019-08-12 11:08:21,329-<<module>>-INFO->>+++++2019-08-12 11:08:21++++++
2019-08-12 11:08:21,619-<login_account>-INFO->>************进行登录操作************
2019-08-12 11:08:21,619-<login_account>-INFO->>{'Version': '0.0', 'Token': '', 'Connection': 'close', 'User-Agent': 'Mozilla/5.0 (Windows NT 6.1; WOW64; rv:21.0) Gecko/20130330 Firefox/21.0'}
2019-08-12 11:08:21,619-<login_account>-INFO->>{'PhoneNumber': '13100010001', 'Password': 'zxc123..', 'LoginSource': 1, 'PhoneVerificationCode': '123456', 'IP': '', 'MachinID': '', 'NeedCode': 1}
2019-08-12 11:08:22,401-<login_account>-INFO->>{'Result': {'State': '1', 'Msg': '成功'}, 'Token': 'eyJhbGciOiJIUzI1NiIsInR5cCI6IkpXVCJ9.eyJhdWQiOiJHcmVlbiIsImF1dGgiOiIiLCJleHAiOjE1NjgxNzEzMDMsImlhdCI6MTU2NTU3OTI0MywiaXNzIjoiR3JlZW4iLCJzdWIiOjEwMDAwMDAwMn0.onJ5zw6iWnV7Yc60x2R2pVfZDQp4R743-3V7qmUtjiU', 'Data': {'ID': 100000002, 'PhoneNumber': '13100010001', 'CountryCode': '', 'InviteCode': '2FcMFh', 'Email': '', 'IsSetFundPW': 1, 'NickName': '', 'HeadImage': 'http://192.168.28.76:8605/static/bank/zhongxinyinhang.png', 'IsRealCheck': 1, 'RealCheckDes': '', 'IsBindBank': 2, 'IsBindAliPay': 1, 'IsBindWeChatPay': 2, 'Authority': '', 'AccountType': 1, 'LoginAuthority': 1, 'TradeStatus': 2, 'RecommenderID': 100000001, 'RecommenderIDs': '100000001_', 'RegisterSource': 1, 'LastLoginTime': 0, 'CreateTime': 20190805204956}}
2019-08-12 11:08:22,401-<check_price_token>-INFO->>************校验资金密码************
2019-08-12 11:08:22,401-<check_price_token>-INFO->>{'Version': '0.0', 'Token': 'eyJhbGciOiJIUzI1NiIsInR5cCI6IkpXVCJ9.eyJhdWQiOiJHcmVlbiIsImF1dGgiOiIiLCJleHAiOjE1NjgxNzEzMDMsImlhdCI6MTU2NTU3OTI0MywiaXNzIjoiR3JlZW4iLCJzdWIiOjEwMDAwMDAwMn0.onJ5zw6iWnV7Yc60x2R2pVfZDQp4R743-3V7qmUtjiU', 'Connection': 'close', 'User-Agent': 'Mozilla/5.0 (Windows NT 6.1; WOW64; rv:21.0) Gecko/20130330 Firefox/21.0'}
2019-08-12 11:08:23,183-<check_price_token>-INFO->>{'Result': {'State': '1', 'Msg': '成功'}, 'Token': 'eyJhbGciOiJIUzI1NiIsInR5cCI6IkpXVCJ9.eyJhdWQiOiJHcmVlbiIsImF1dGgiOiJ0cmFkZSIsImV4cCI6MTU2NTU4NjUwNCwiaWF0IjoxNTY1NTc5MjQ0LCJpc3MiOiJHcmVlbiIsInN1YiI6MTAwMDAwMDAyfQ.uTqwC9nrJfHa8m-ApnK49pWm2dz7fjTJTFD5Rar-lDk'}
2019-08-12 11:08:23,183-<__new__>-INFO->>**********建立Socket连接**********
2019-08-12 11:08:24,129-<__init__>-INFO->>************进行登记用户************
2019-08-12 11:08:24,129-<__init__>-INFO->>{'Type': 0, 'UserId': 100000002, 'Token': 'eyJhbGciOiJIUzI1NiIsInR5cCI6IkpXVCJ9.eyJhdWQiOiJHcmVlbiIsImF1dGgiOiJ0cmFkZSIsImV4cCI6MTU2NTU4NjUwNCwiaWF0IjoxNTY1NTc5MjQ0LCJpc3MiOiJHcmVlbiIsInN1YiI6MTAwMDAwMDAyfQ.uTqwC9nrJfHa8m-ApnK49pWm2dz7fjTJTFD5Rar-lDk', 'Data': {'Source': 1, 'Action': 1}}
2019-08-12 11:08:24,334-<__init__>-INFO->>{"Type":0,"Result":{"State":"1","Msg":"成功"},"Data":null,"TmpData":""}
2019-08-12 11:08:24,335-<order>-INFO->>************进行卖单操作************
2019-08-12 11:08:24,335-<order>-INFO->>{'Type': 1, 'UserID': 100000002, 'Token': 'eyJhbGciOiJIUzI1NiIsInR5cCI6IkpXVCJ9.eyJhdWQiOiJHcmVlbiIsImF1dGgiOiJ0cmFkZSIsImV4cCI6MTU2NTU4NjUwNCwiaWF0IjoxNTY1NTc5MjQ0LCJpc3MiOiJHcmVlbiIsInN1YiI6MTAwMDAwMDAyfQ.uTqwC9nrJfHa8m-ApnK49pWm2dz7fjTJTFD5Rar-lDk', 'Data': {'BrokerID': 10, 'PriceCoinID': 'USDT', 'TradeCoinID': 'ETH', 'Direction': 83, 'Price': 123400, 'PriceDecimal': 4, 'Volume': 10000000, 'VolumeDecimal': 6, 'OrderSouce': 85, 'OrderType': 1, 'CustomInfo': 'test'}}
2019-08-12 11:08:24,554-<order>-INFO->>{"Type":5,"Result":{"State":"1","Msg":"成功"},"Data":{"ID":82685436166144,"UserID":100000002,"CoinID":"ETH","CoinType":2,"Address":"0x1f2af2263c73c0490678307933428a335c768871","Privkey":"aJ6enJbXvqdtov9TWl7Y0O2zX+g4cQ7bNvInfi4HnqwX/A2Wd7dpNsg6SnwoKrdyJ+vkTKj46FHhErOGcfRY3rJCkxUtLtVLmT7UvkU3uO8=","TotalCoinAmount":23000000000,"FreeAmount":22000000000,"FreezeAmount":0,"PreFreezeAmount":1000000000,"DecimalNum":8,"CreateTime":20190808103945,"TotalRMBAmount":0,"TotalUSDTAmount":0,"USDTDecimal":0,"RMBDecimal":0},"TmpData":""}
2019-08-12 11:08:29,554-<order>-INFO->>************进行买单操作************
2019-08-12 11:08:29,554-<order>-INFO->>{'Type': 1, 'UserID': 100000002, 'Token': 'eyJhbGciOiJIUzI1NiIsInR5cCI6IkpXVCJ9.eyJhdWQiOiJHcmVlbiIsImF1dGgiOiJ0cmFkZSIsImV4cCI6MTU2NTU4NjUwNCwiaWF0IjoxNTY1NTc5MjQ0LCJpc3MiOiJHcmVlbiIsInN1YiI6MTAwMDAwMDAyfQ.uTqwC9nrJfHa8m-ApnK49pWm2dz7fjTJTFD5Rar-lDk', 'Data': {'BrokerID': 10, 'PriceCoinID': 'USDT', 'TradeCoinID': 'ETH', 'Direction': 66, 'Price': 123400, 'PriceDecimal': 4, 'Volume': 10000000, 'VolumeDecimal': 6, 'OrderSouce': 85, 'OrderType': 1, 'CustomInfo': 'test'}}
2019-08-12 11:08:29,555-<order>-INFO->>{"Type":1,"Result":{"State":"1","Msg":"成功"},"Data":null,"TmpData":""}
2019-08-12 11:08:34,555-<order>-INFO->>************进行卖单操作************
2019-08-12 11:08:34,555-<order>-INFO->>{'Type': 1, 'UserID': 100000002, 'Token': 'eyJhbGciOiJIUzI1NiIsInR5cCI6IkpXVCJ9.eyJhdWQiOiJHcmVlbiIsImF1dGgiOiJ0cmFkZSIsImV4cCI6MTU2NTU4NjUwNCwiaWF0IjoxNTY1NTc5MjQ0LCJpc3MiOiJHcmVlbiIsInN1YiI6MTAwMDAwMDAyfQ.uTqwC9nrJfHa8m-ApnK49pWm2dz7fjTJTFD5Rar-lDk', 'Data': {'BrokerID': 10, 'PriceCoinID': 'USDT', 'TradeCoinID': 'ETH', 'Direction': 83, 'Price': 123400, 'PriceDecimal': 4, 'Volume': 10000000, 'VolumeDecimal': 6, 'OrderSouce': 85, 'OrderType': 1, 'CustomInfo': 'test'}}
2019-08-12 11:08:34,557-<order>-INFO->>{"Type":4,"Result":{"State":"1","Msg":"成功"},"Data":{"BrokerID":10,"UserID":100000002,"PriceCoinID":"USDT","TradeCoinID":"ETH","OrderID":335,"FrontID":50001,"OrderFrontID":83254485876736,"FrontTime":20190812110825,"OrderTime":20190812110825000,"OverTime":0,"UpdateTime":0,"CancelTime":0,"Direction":83,"OrderSource":85,"OrderStatus":2,"Price":123400,"PriceDecimal":4,"Volume":10000000,"VolumeDecimal":6,"OrderType":1,"TradeVolume":0,"CancelVolume":0,"CustomInfo":"test","Row":0},"TmpData":""}
2019-08-12 11:08:39,558-<order>-INFO->>************进行买单操作************
2019-08-12 11:08:39,558-<order>-INFO->>{'Type': 1, 'UserID': 100000002, 'Token': 'eyJhbGciOiJIUzI1NiIsInR5cCI6IkpXVCJ9.eyJhdWQiOiJHcmVlbiIsImF1dGgiOiJ0cmFkZSIsImV4cCI6MTU2NTU4NjUwNCwiaWF0IjoxNTY1NTc5MjQ0LCJpc3MiOiJHcmVlbiIsInN1YiI6MTAwMDAwMDAyfQ.uTqwC9nrJfHa8m-ApnK49pWm2dz7fjTJTFD5Rar-lDk', 'Data': {'BrokerID': 10, 'PriceCoinID': 'USDT', 'TradeCoinID': 'ETH', 'Direction': 66, 'Price': 123400, 'PriceDecimal': 4, 'Volume': 10000000, 'VolumeDecimal': 6, 'OrderSouce': 85, 'OrderType': 1, 'CustomInfo': 'test'}}
2019-08-12 11:08:39,560-<order>-INFO->>{"Type":5,"Result":{"State":"1","Msg":"成功"},"Data":{"ID":82685436166144,"UserID":100000002,"CoinID":"ETH","CoinType":2,"Address":"0x1f2af2263c73c0490678307933428a335c768871","Privkey":"aJ6enJbXvqdtov9TWl7Y0O2zX+g4cQ7bNvInfi4HnqwX/A2Wd7dpNsg6SnwoKrdyJ+vkTKj46FHhErOGcfRY3rJCkxUtLtVLmT7UvkU3uO8=","TotalCoinAmount":23000000000,"FreeAmount":22000000000,"FreezeAmount":1000000000,"PreFreezeAmount":0,"DecimalNum":8,"CreateTime":20190808103945,"TotalRMBAmount":0,"TotalUSDTAmount":0,"USDTDecimal":0,"RMBDecimal":0},"TmpData":""}
2019-08-12 11:08:44,561-<order>-INFO->>************进行卖单操作************
2019-08-12 11:08:44,561-<order>-INFO->>{'Type': 1, 'UserID': 100000002, 'Token': 'eyJhbGciOiJIUzI1NiIsInR5cCI6IkpXVCJ9.eyJhdWQiOiJHcmVlbiIsImF1dGgiOiJ0cmFkZSIsImV4cCI6MTU2NTU4NjUwNCwiaWF0IjoxNTY1NTc5MjQ0LCJpc3MiOiJHcmVlbiIsInN1YiI6MTAwMDAwMDAyfQ.uTqwC9nrJfHa8m-ApnK49pWm2dz7fjTJTFD5Rar-lDk', 'Data': {'BrokerID': 10, 'PriceCoinID': 'USDT', 'TradeCoinID': 'ETH', 'Direction': 83, 'Price': 123400, 'PriceDecimal': 4, 'Volume': 10000000, 'VolumeDecimal': 6, 'OrderSouce': 85, 'OrderType': 1, 'CustomInfo': 'test'}}
2019-08-12 11:08:44,564-<order>-INFO->>{"Type":5,"Result":{"State":"1","Msg":"成功"},"Data":{"ID":82549377548288,"UserID":100000002,"CoinID":"USDT","CoinType":2,"Address":"0x1f2af2263c73c0490678307933428a335c768871","Privkey":"aJ6enJbXvqdtov9TWl7Y0O2zX+g4cQ7bNvInfi4HnqwX/A2Wd7dpNsg6SnwoKrdyJ+vkTKj46FHhErOGcfRY3rJCkxUtLtVLmT7UvkU3uO8=","TotalCoinAmount":895985790560000,"FreeAmount":895973425880000,"FreezeAmount":-1703400000,"PreFreezeAmount":14068080000,"DecimalNum":8,"CreateTime":20190807113541,"TotalRMBAmount":0,"TotalUSDTAmount":0,"USDTDecimal":0,"RMBDecimal":0},"TmpData":""}
2019-08-12 11:08:49,564-<order>-INFO->>************进行买单操作************
2019-08-12 11:08:49,564-<order>-INFO->>{'Type': 1, 'UserID': 100000002, 'Token': 'eyJhbGciOiJIUzI1NiIsInR5cCI6IkpXVCJ9.eyJhdWQiOiJHcmVlbiIsImF1dGgiOiJ0cmFkZSIsImV4cCI6MTU2NTU4NjUwNCwiaWF0IjoxNTY1NTc5MjQ0LCJpc3MiOiJHcmVlbiIsInN1YiI6MTAwMDAwMDAyfQ.uTqwC9nrJfHa8m-ApnK49pWm2dz7fjTJTFD5Rar-lDk', 'Data': {'BrokerID': 10, 'PriceCoinID': 'USDT', 'TradeCoinID': 'ETH', 'Direction': 66, 'Price': 123400, 'PriceDecimal': 4, 'Volume': 10000000, 'VolumeDecimal': 6, 'OrderSouce': 85, 'OrderType': 1, 'CustomInfo': 'test'}}
2019-08-12 11:08:49,564-<order>-INFO->>{"Type":1,"Result":{"State":"1","Msg":"成功"},"Data":null,"TmpData":""}
2019-08-12 11:08:54,565-<order>-INFO->>************进行卖单操作************
2019-08-12 11:08:54,565-<order>-INFO->>{'Type': 1, 'UserID': 100000002, 'Token': 'eyJhbGciOiJIUzI1NiIsInR5cCI6IkpXVCJ9.eyJhdWQiOiJHcmVlbiIsImF1dGgiOiJ0cmFkZSIsImV4cCI6MTU2NTU4NjUwNCwiaWF0IjoxNTY1NTc5MjQ0LCJpc3MiOiJHcmVlbiIsInN1YiI6MTAwMDAwMDAyfQ.uTqwC9nrJfHa8m-ApnK49pWm2dz7fjTJTFD5Rar-lDk', 'Data': {'BrokerID': 10, 'PriceCoinID': 'USDT', 'TradeCoinID': 'ETH', 'Direction': 83, 'Price': 123400, 'PriceDecimal': 4, 'Volume': 10000000, 'VolumeDecimal': 6, 'OrderSouce': 85, 'OrderType': 1, 'CustomInfo': 'test'}}
2019-08-12 11:08:54,566-<order>-INFO->>{"Type":4,"Result":{"State":"1","Msg":"成功"},"Data":{"BrokerID":10,"UserID":100000002,"PriceCoinID":"USDT","TradeCoinID":"ETH","OrderID":336,"FrontID":50001,"OrderFrontID":83254494412800,"FrontTime":20190812110830,"OrderTime":20190812110830000,"OverTime":0,"UpdateTime":0,"CancelTime":0,"Direction":66,"OrderSource":85,"OrderStatus":2,"Price":123400,"PriceDecimal":4,"Volume":10000000,"VolumeDecimal":6,"OrderType":1,"TradeVolume":0,"CancelVolume":0,"CustomInfo":"test","Row":0},"TmpData":""}
2019-08-12 11:29:33,280-<<module>>-INFO->>+++++2019-08-12 11:29:33++++++
2019-08-12 11:29:33,574-<login_account>-INFO->>************进行登录操作************
2019-08-12 11:29:33,574-<login_account>-INFO->>{'Version': '0.0', 'Token': '', 'Connection': 'close', 'User-Agent': 'Mozilla/5.0 (Windows NT 6.2; Win64; x64) AppleWebKit/537.36 (KHTML, like Gecko) Chrome/32.0.1667.0 Safari/537.36'}
2019-08-12 11:29:33,574-<login_account>-INFO->>{'PhoneNumber': '13100010001', 'Password': 'zxc123..', 'LoginSource': 1, 'PhoneVerificationCode': '123456', 'IP': '', 'MachinID': '', 'NeedCode': 1}
2019-08-12 11:29:34,433-<login_account>-INFO->>{'Result': {'State': '1', 'Msg': '成功'}, 'Token': 'eyJhbGciOiJIUzI1NiIsInR5cCI6IkpXVCJ9.eyJhdWQiOiJHcmVlbiIsImF1dGgiOiIiLCJleHAiOjE1NjgxNzI1NzUsImlhdCI6MTU2NTU4MDUxNSwiaXNzIjoiR3JlZW4iLCJzdWIiOjEwMDAwMDAwMn0.0zWltWRepLQGmvFk-sjsa5ccGsv3C4xrO2JNbE98x7A', 'Data': {'ID': 100000002, 'PhoneNumber': '13100010001', 'CountryCode': '', 'InviteCode': '2FcMFh', 'Email': '', 'IsSetFundPW': 1, 'NickName': '', 'HeadImage': 'http://192.168.28.76:8605/static/bank/zhongxinyinhang.png', 'IsRealCheck': 1, 'RealCheckDes': '', 'IsBindBank': 2, 'IsBindAliPay': 1, 'IsBindWeChatPay': 2, 'Authority': '', 'AccountType': 1, 'LoginAuthority': 1, 'TradeStatus': 2, 'RecommenderID': 100000001, 'RecommenderIDs': '100000001_', 'RegisterSource': 1, 'LastLoginTime': 0, 'CreateTime': 20190805204956}}
2019-08-12 11:29:34,434-<check_price_token>-INFO->>************校验资金密码************
2019-08-12 11:29:34,434-<check_price_token>-INFO->>{'Version': '0.0', 'Token': 'eyJhbGciOiJIUzI1NiIsInR5cCI6IkpXVCJ9.eyJhdWQiOiJHcmVlbiIsImF1dGgiOiIiLCJleHAiOjE1NjgxNzI1NzUsImlhdCI6MTU2NTU4MDUxNSwiaXNzIjoiR3JlZW4iLCJzdWIiOjEwMDAwMDAwMn0.0zWltWRepLQGmvFk-sjsa5ccGsv3C4xrO2JNbE98x7A', 'Connection': 'close', 'User-Agent': 'Mozilla/5.0 (Windows NT 6.2; Win64; x64) AppleWebKit/537.36 (KHTML, like Gecko) Chrome/32.0.1667.0 Safari/537.36'}
2019-08-12 11:29:35,272-<check_price_token>-INFO->>{'Result': {'State': '1', 'Msg': '成功'}, 'Token': 'eyJhbGciOiJIUzI1NiIsInR5cCI6IkpXVCJ9.eyJhdWQiOiJHcmVlbiIsImF1dGgiOiJ0cmFkZSIsImV4cCI6MTU2NTU4Nzc3NiwiaWF0IjoxNTY1NTgwNTE2LCJpc3MiOiJHcmVlbiIsInN1YiI6MTAwMDAwMDAyfQ.WJ13kee9BRJtRCsIXz5MC9RkILQ1JExe8-qrWKuQmng'}
2019-08-12 11:29:35,273-<__new__>-INFO->>**********建立Socket连接**********
2019-08-12 11:29:36,224-<__init__>-INFO->>************进行登记用户************
2019-08-12 11:29:36,225-<__init__>-INFO->>{'Type': 0, 'UserId': 100000002, 'Token': 'eyJhbGciOiJIUzI1NiIsInR5cCI6IkpXVCJ9.eyJhdWQiOiJHcmVlbiIsImF1dGgiOiJ0cmFkZSIsImV4cCI6MTU2NTU4Nzc3NiwiaWF0IjoxNTY1NTgwNTE2LCJpc3MiOiJHcmVlbiIsInN1YiI6MTAwMDAwMDAyfQ.WJ13kee9BRJtRCsIXz5MC9RkILQ1JExe8-qrWKuQmng', 'Data': {'Source': 1, 'Action': 1}}
2019-08-12 11:29:36,431-<__init__>-INFO->>{"Type":0,"Result":{"State":"1","Msg":"成功"},"Data":null,"TmpData":""}
2019-08-12 11:29:36,432-<order>-INFO->>************进行卖单操作************
2019-08-12 11:29:36,432-<order>-INFO->>{'Type': 1, 'UserID': 100000002, 'Token': 'eyJhbGciOiJIUzI1NiIsInR5cCI6IkpXVCJ9.eyJhdWQiOiJHcmVlbiIsImF1dGgiOiJ0cmFkZSIsImV4cCI6MTU2NTU4Nzc3NiwiaWF0IjoxNTY1NTgwNTE2LCJpc3MiOiJHcmVlbiIsInN1YiI6MTAwMDAwMDAyfQ.WJ13kee9BRJtRCsIXz5MC9RkILQ1JExe8-qrWKuQmng', 'Data': {'BrokerID': 10, 'PriceCoinID': 'USDT', 'TradeCoinID': 'ETH', 'Direction': 83, 'Price': 123400, 'PriceDecimal': 4, 'Volume': 10000000, 'VolumeDecimal': 6, 'OrderSouce': 85, 'OrderType': 1, 'CustomInfo': 'test'}}
2019-08-12 11:29:36,650-<order>-INFO->>{"Type":1,"Result":{"State":"1","Msg":"成功"},"Data":null,"TmpData":""}
2019-08-12 11:50:27,951-<<module>>-INFO->>+++++2019-08-12 11:50:27++++++
2019-08-12 11:50:28,230-<login_account>-INFO->>************进行登录操作************
2019-08-12 11:50:28,230-<login_account>-INFO->>{'Version': '0.0', 'Token': '', 'Connection': 'close', 'User-Agent': 'Mozilla/5.0 (Windows NT 6.1; rv:21.0) Gecko/20100101 Firefox/21.0'}
2019-08-12 11:50:28,230-<login_account>-INFO->>{'PhoneNumber': '13100010001', 'Password': 'zxc123..', 'LoginSource': 1, 'PhoneVerificationCode': '123456', 'IP': '', 'MachinID': '', 'NeedCode': 1}
2019-08-12 11:50:30,367-<login_account>-INFO->>{'Result': {'State': '1', 'Msg': '成功'}, 'Token': 'eyJhbGciOiJIUzI1NiIsInR5cCI6IkpXVCJ9.eyJhdWQiOiJHcmVlbiIsImF1dGgiOiIiLCJleHAiOjE1NjgxNzM4MzEsImlhdCI6MTU2NTU4MTc3MSwiaXNzIjoiR3JlZW4iLCJzdWIiOjEwMDAwMDAwMn0.2Y8DmHpRraohUvRIueTtUAWtpnNj3ZoBEyFShedNVR8', 'Data': {'ID': 100000002, 'PhoneNumber': '13100010001', 'CountryCode': '', 'InviteCode': '2FcMFh', 'Email': '', 'IsSetFundPW': 1, 'NickName': '', 'HeadImage': 'http://192.168.28.76:8605/static/bank/zhongxinyinhang.png', 'IsRealCheck': 1, 'RealCheckDes': '', 'IsBindBank': 2, 'IsBindAliPay': 1, 'IsBindWeChatPay': 2, 'Authority': '', 'AccountType': 1, 'LoginAuthority': 1, 'TradeStatus': 2, 'RecommenderID': 100000001, 'RecommenderIDs': '100000001_', 'RegisterSource': 1, 'LastLoginTime': 0, 'CreateTime': 20190805204956}}
2019-08-12 11:50:30,367-<check_price_token>-INFO->>************校验资金密码************
2019-08-12 11:50:30,367-<check_price_token>-INFO->>{'Version': '0.0', 'Token': 'eyJhbGciOiJIUzI1NiIsInR5cCI6IkpXVCJ9.eyJhdWQiOiJHcmVlbiIsImF1dGgiOiIiLCJleHAiOjE1NjgxNzM4MzEsImlhdCI6MTU2NTU4MTc3MSwiaXNzIjoiR3JlZW4iLCJzdWIiOjEwMDAwMDAwMn0.2Y8DmHpRraohUvRIueTtUAWtpnNj3ZoBEyFShedNVR8', 'Connection': 'close', 'User-Agent': 'Mozilla/5.0 (Windows NT 6.1; rv:21.0) Gecko/20100101 Firefox/21.0'}
2019-08-12 11:50:31,013-<check_price_token>-INFO->>{'Result': {'State': '1', 'Msg': '成功'}, 'Token': 'eyJhbGciOiJIUzI1NiIsInR5cCI6IkpXVCJ9.eyJhdWQiOiJHcmVlbiIsImF1dGgiOiJ0cmFkZSIsImV4cCI6MTU2NTU4OTAzMSwiaWF0IjoxNTY1NTgxNzcxLCJpc3MiOiJHcmVlbiIsInN1YiI6MTAwMDAwMDAyfQ.x0yC1I5yk3T2ym5C_6Qa0NmJi2U3R8tw1yR38pvudEQ'}
2019-08-12 11:50:31,014-<__new__>-INFO->>**********建立Socket连接**********
2019-08-12 11:50:32,062-<__init__>-INFO->>************进行登记用户************
2019-08-12 11:50:32,062-<__init__>-INFO->>{'Type': 0, 'UserId': 100000002, 'Token': 'eyJhbGciOiJIUzI1NiIsInR5cCI6IkpXVCJ9.eyJhdWQiOiJHcmVlbiIsImF1dGgiOiJ0cmFkZSIsImV4cCI6MTU2NTU4OTAzMSwiaWF0IjoxNTY1NTgxNzcxLCJpc3MiOiJHcmVlbiIsInN1YiI6MTAwMDAwMDAyfQ.x0yC1I5yk3T2ym5C_6Qa0NmJi2U3R8tw1yR38pvudEQ', 'Data': {'Source': 1, 'Action': 1}}
2019-08-12 11:50:32,275-<__init__>-INFO->>{"Type":0,"Result":{"State":"1","Msg":"成功"},"Data":null,"TmpData":""}
2019-08-12 11:50:32,275-<order>-INFO->>************进行卖单操作************
2019-08-12 11:50:32,276-<order>-INFO->>{'Type': 1, 'UserID': 100000002, 'Token': 'eyJhbGciOiJIUzI1NiIsInR5cCI6IkpXVCJ9.eyJhdWQiOiJHcmVlbiIsImF1dGgiOiJ0cmFkZSIsImV4cCI6MTU2NTU4OTAzMSwiaWF0IjoxNTY1NTgxNzcxLCJpc3MiOiJHcmVlbiIsInN1YiI6MTAwMDAwMDAyfQ.x0yC1I5yk3T2ym5C_6Qa0NmJi2U3R8tw1yR38pvudEQ', 'Data': {'BrokerID': 10, 'PriceCoinID': 'USDT', 'TradeCoinID': 'ETH', 'Direction': 83, 'Price': 123400, 'PriceDecimal': 4, 'Volume': 10000000, 'VolumeDecimal': 6, 'OrderSouce': 85, 'OrderType': 1, 'CustomInfo': 'test'}}
2019-08-12 11:50:32,501-<order>-INFO->>{"Type":5,"Result":{"State":"1","Msg":"成功"},"Data":{"ID":82685436166144,"UserID":100000002,"CoinID":"ETH","CoinType":2,"Address":"0x1f2af2263c73c0490678307933428a335c768871","Privkey":"aJ6enJbXvqdtov9TWl7Y0O2zX+g4cQ7bNvInfi4HnqwX/A2Wd7dpNsg6SnwoKrdyJ+vkTKj46FHhErOGcfRY3rJCkxUtLtVLmT7UvkU3uO8=","TotalCoinAmount":26100000000,"FreeAmount":25100000000,"FreezeAmount":0,"PreFreezeAmount":1000000000,"DecimalNum":8,"CreateTime":20190808103945,"TotalRMBAmount":0,"TotalUSDTAmount":0,"USDTDecimal":0,"RMBDecimal":0},"TmpData":""}
2019-08-12 16:09:21,142-<<module>>-INFO->>+++++2019-08-12 16:09:21++++++
2019-08-12 16:09:21,145-<__new__>-INFO->>**********建立Socket连接**********
2019-08-12 16:10:27,627-<<module>>-INFO->>+++++2019-08-12 16:10:27++++++
2019-08-12 16:10:27,630-<__new__>-INFO->>**********建立Socket连接**********
2019-08-12 16:10:56,851-<<module>>-INFO->>+++++2019-08-12 16:10:56++++++
2019-08-12 16:10:56,854-<__new__>-INFO->>**********建立Socket连接**********
2019-08-12 16:17:43,028-<<module>>-INFO->>+++++2019-08-12 16:17:43++++++
2019-08-12 16:17:43,031-<__new__>-INFO->>**********建立Socket连接**********
2019-08-12 16:19:25,925-<<module>>-INFO->>+++++2019-08-12 16:19:25++++++
2019-08-12 16:19:25,928-<__new__>-INFO->>**********建立Socket连接**********
2019-08-12 16:19:40,420-<<module>>-INFO->>+++++2019-08-12 16:19:40++++++
2019-08-12 16:19:40,423-<__new__>-INFO->>**********建立Socket连接**********
2019-08-12 16:25:53,142-<<module>>-INFO->>+++++2019-08-12 16:25:53++++++
2019-08-12 16:25:53,144-<__new__>-INFO->>**********建立Socket连接**********
2019-08-12 16:26:39,968-<<module>>-INFO->>+++++2019-08-12 16:26:39++++++
2019-08-12 16:26:39,971-<__new__>-INFO->>**********建立Socket连接**********
2019-08-12 16:27:10,734-<<module>>-INFO->>+++++2019-08-12 16:27:10++++++
2019-08-12 16:27:10,737-<__new__>-INFO->>**********建立Socket连接**********
2019-08-12 16:28:30,722-<<module>>-INFO->>+++++2019-08-12 16:28:30++++++
2019-08-12 16:28:30,725-<__new__>-INFO->>**********建立Socket连接**********
2019-08-12 16:28:42,549-<<module>>-INFO->>+++++2019-08-12 16:28:42++++++
2019-08-12 16:28:42,552-<__new__>-INFO->>**********建立Socket连接**********
2019-08-12 16:30:43,713-<<module>>-INFO->>+++++2019-08-12 16:30:43++++++
2019-08-12 16:30:43,716-<__new__>-INFO->>**********建立Socket连接**********
2019-08-12 16:32:37,820-<<module>>-INFO->>+++++2019-08-12 16:32:37++++++
2019-08-12 16:32:37,823-<__new__>-INFO->>**********建立Socket连接**********
2019-08-12 16:34:01,490-<<module>>-INFO->>+++++2019-08-12 16:34:01++++++
2019-08-12 16:34:01,493-<__new__>-INFO->>**********建立Socket连接**********
2019-08-12 16:38:14,856-<<module>>-INFO->>+++++2019-08-12 16:38:14++++++
2019-08-12 16:38:14,859-<__new__>-INFO->>**********建立Socket连接**********
2019-08-12 16:38:40,065-<<module>>-INFO->>+++++2019-08-12 16:38:40++++++
2019-08-12 16:38:40,068-<__new__>-INFO->>**********建立Socket连接**********
2019-08-12 16:40:30,327-<<module>>-INFO->>+++++2019-08-12 16:40:30++++++
2019-08-12 16:40:30,330-<__new__>-INFO->>**********建立Socket连接**********
2019-08-12 16:40:54,987-<<module>>-INFO->>+++++2019-08-12 16:40:54++++++
2019-08-12 16:40:54,990-<__new__>-INFO->>**********建立Socket连接**********
2019-08-12 16:41:30,346-<<module>>-INFO->>+++++2019-08-12 16:41:30++++++
2019-08-12 16:41:30,349-<__new__>-INFO->>**********建立Socket连接**********
2019-08-12 16:47:14,154-<<module>>-INFO->>+++++2019-08-12 16:47:14++++++
2019-08-12 16:47:14,157-<__new__>-INFO->>**********建立Socket连接**********
2019-08-12 16:47:15,051-<quotation>-INFO->>{'Type': 3, 'Action': 1, 'PriceCoin': 'USDT', 'TradeCoin': 'BTC', 'Source': 2}
2019-08-12 16:47:15,257-<quotation>-INFO->>{"Type":7,"Data":[{"1":192,"2":"USDT","3":"BTC","12":30000,"13":48000000000000,"14":4,"15":8,"200":1600000000,"222":102,"223":90,"250":69,"251":20190812140017000,"302":83},{"1":193,"2":"USDT","3":"BTC","12":70000,"13":140000000000000,"14":4,"15":8,"200":2000000000,"222":102,"223":101,"250":70,"251":20190812140017000,"302":83},{"1":195,"2":"USDT","3":"BTC","12":10000,"13":20000000000000,"14":4,"15":8,"200":2000000000,"222":103,"223":101,"250":71,"251":20190812140307000,"302":83},{"1":199,"2":"USDT","3":"BTC","12":10000,"13":20000000000000,"14":4,"15":8,"200":2000000000,"222":106,"223":101,"250":72,"251":20190812140414000,"302":83},{"1":204,"2":"USDT","3":"BTC","12":10000,"13":20000000000000,"14":4,"15":8,"200":2000000000,"222":108,"223":101,"250":73,"251":20190812140440000,"302":83},{"1":206,"2":"USDT","3":"BTC","12":10000,"13":50000000000000,"14":4,"15":8,"200":5000000000,"222":109,"223":107,"250":74,"251":20190812140609000,"302":83},{"1":209,"2":"USDT","3":"BTC","12":10000,"13":100000000000000,"14":4,"15":8,"200":10000000000,"222":111,"223":110,"250":75,"251":20190812140655000,"302":83},{"1":213,"2":"USDT","3":"BTC","12":10000,"13":1600000000000,"14":4,"15":8,"200":160000000,"222":95,"223":114,"250":76,"251":20190812140722000,"302":66},{"1":219,"2":"USDT","3":"BTC","12":10000,"13":20000000000000,"14":4,"15":8,"200":2000000000,"222":117,"223":116,"250":77,"251":20190812144029000,"302":83},{"1":222,"2":"USDT","3":"BTC","12":10000,"13":20000000000000,"14":4,"15":8,"200":2000000000,"222":119,"223":116,"250":78,"251":20190812144055000,"302":83},{"1":224,"2":"USDT","3":"BTC","12":10000,"13":20000000000000,"14":4,"15":8,"200":2000000000,"222":120,"223":116,"250":79,"251":20190812144226000,"302":83},{"1":226,"2":"USDT","3":"BTC","12":10000,"13":20000000000000,"14":4,"15":8,"200":2000000000,"222":121,"223":116,"250":80,"251":20190812144256000,"302":83},{"1":228,"2":"USDT","3":"BTC","12":10000,"13":20000000000000,"14":4,"15":8,"200":2000000000,"222":122,"223":116,"250":81,"251":20190812144326000,"302":83},{"1":230,"2":"USDT","3":"BTC","12":50000,"13":100000000000000,"14":4,"15":8,"200":2000000000,"222":123,"223":116,"250":82,"251":20190812144429000,"302":83},{"1":231,"2":"USDT","3":"BTC","12":10000,"13":100000000000000,"14":4,"15":8,"200":10000000000,"222":123,"223":112,"250":83,"251":20190812144429000,"302":83},{"1":232,"2":"USDT","3":"BTC","12":10000,"13":223265498000000,"14":4,"15":8,"200":22326549800,"222":123,"223":118,"250":84,"251":20190812144429000,"302":83},{"1":236,"2":"USDT","3":"BTC","12":10000,"13":10000000000000,"14":4,"15":8,"200":1000000000,"222":126,"223":124,"250":85,"251":20190812144732000,"302":83},{"1":237,"2":"USDT","3":"BTC","12":10000,"13":11000000000000,"14":4,"15":8,"200":1100000000,"222":126,"223":125,"250":86,"251":20190812144732000,"302":83},{"1":240,"2":"USDT","3":"BTC","12":20000,"13":24000000000000,"14":4,"15":8,"200":1200000000,"222":127,"223":128,"250":87,"251":20190812145307000,"302":66},{"1":243,"2":"USDT","3":"BTC","12":10000,"13":13000000000000,"14":4,"15":8,"200":1300000000,"222":129,"223":130,"250":88,"251":20190812145319000,"302":66}]}
