2019-08-09 11:25:27,215-<<module>>-INFO->>+++++2019-08-09 11:25:27++++++
2019-08-09 11:25:27,340-<login_account>-INFO->>************进行登录操作************
2019-08-09 11:25:27,340-<login_account>-INFO->>{'Version': '0.0', 'Token': '', 'Connection': 'close', 'User-Agent': 'Mozilla/5.0 (Windows NT 5.1) AppleWebKit/537.36 (KHTML, like Gecko) Chrome/35.0.2309.372 Safari/537.36'}
2019-08-09 11:25:27,340-<login_account>-INFO->>{'PhoneNumber': '13100010002', 'Password': 'zxc123..', 'LoginSource': 1, 'PhoneVerificationCode': '123456', 'IP': '', 'MachinID': '', 'NeedCode': 1}
2019-08-09 11:25:28,137-<login_account>-INFO->>{'Result': {'State': '1', 'Msg': '成功'}, 'Token': 'eyJhbGciOiJIUzI1NiIsInR5cCI6IkpXVCJ9.eyJhdWQiOiJHcmVlbiIsImF1dGgiOiIiLCJleHAiOjE1Njc5MTMxMjgsImlhdCI6MTU2NTMyMTA2OCwiaXNzIjoiR3JlZW4iLCJzdWIiOjEwMDAwMDA5MX0.o93t58ZL3uHViaLwCo9enapc0u8oGSBcPCcIYPZRoh4', 'Data': {'ID': 100000091, 'PhoneNumber': '13100010002', 'CountryCode': '', 'InviteCode': '2FcMGP', 'Email': '', 'IsSetFundPW': 1, 'NickName': '', 'HeadImage': '', 'IsRealCheck': 1, 'RealCheckDes': '', 'IsBindBank': 1, 'IsBindAliPay': 1, 'IsBindWeChatPay': 2, 'Authority': '', 'AccountType': 1, 'LoginAuthority': 1, 'TradeStatus': 2, 'RecommenderID': 100000001, 'RecommenderIDs': '100000001_', 'RegisterSource': 1, 'LastLoginTime': 0, 'CreateTime': 20190807101931}}
2019-08-09 11:25:28,137-<check_price_password>-INFO->>************校验资金密码************
2019-08-09 11:25:28,137-<check_price_password>-INFO->>{'Version': '0.0', 'Token': 'eyJhbGciOiJIUzI1NiIsInR5cCI6IkpXVCJ9.eyJhdWQiOiJHcmVlbiIsImF1dGgiOiIiLCJleHAiOjE1Njc5MTMxMjgsImlhdCI6MTU2NTMyMTA2OCwiaXNzIjoiR3JlZW4iLCJzdWIiOjEwMDAwMDA5MX0.o93t58ZL3uHViaLwCo9enapc0u8oGSBcPCcIYPZRoh4', 'Connection': 'close', 'User-Agent': 'Mozilla/5.0 (Windows NT 5.1) AppleWebKit/537.36 (KHTML, like Gecko) Chrome/35.0.2309.372 Safari/537.36'}
2019-08-09 11:25:28,923-<check_price_password>-INFO->>{'Result': {'State': '1', 'Msg': '成功'}, 'Token': 'eyJhbGciOiJIUzI1NiIsInR5cCI6IkpXVCJ9.eyJhdWQiOiJHcmVlbiIsImF1dGgiOiJ0cmFkZSIsImV4cCI6MTU2NTMyODMyOSwiaWF0IjoxNTY1MzIxMDY5LCJpc3MiOiJHcmVlbiIsInN1YiI6MTAwMDAwMDkxfQ.irHDSTSlnlAQgm91srcFsIooHAHRRpbLARU5rFix0UU'}
2019-08-09 11:25:28,923-<__new__>-INFO->>**********建立Socket连接**********
2019-08-09 11:25:29,943-<__init__>-INFO->>************进行登记用户************
2019-08-09 11:25:29,943-<__init__>-INFO->>{'Type': 0, 'UserId': 100000091, 'Token': 'eyJhbGciOiJIUzI1NiIsInR5cCI6IkpXVCJ9.eyJhdWQiOiJHcmVlbiIsImF1dGgiOiJ0cmFkZSIsImV4cCI6MTU2NTMyODMyOSwiaWF0IjoxNTY1MzIxMDY5LCJpc3MiOiJHcmVlbiIsInN1YiI6MTAwMDAwMDkxfQ.irHDSTSlnlAQgm91srcFsIooHAHRRpbLARU5rFix0UU', 'Data': {'Source': 1, 'Action': 1}}
2019-08-09 11:25:30,162-<__init__>-INFO->>{"Type":0,"Result":{"State":"1","Msg":"成功"},"Data":null,"TmpData":""}
2019-08-09 11:25:30,162-<order>-INFO->>************进行卖单操作************
2019-08-09 11:25:30,162-<order>-INFO->>{'Type': 1, 'UserID': 100000091, 'Token': 'eyJhbGciOiJIUzI1NiIsInR5cCI6IkpXVCJ9.eyJhdWQiOiJHcmVlbiIsImF1dGgiOiJ0cmFkZSIsImV4cCI6MTU2NTMyODMyOSwiaWF0IjoxNTY1MzIxMDY5LCJpc3MiOiJHcmVlbiIsInN1YiI6MTAwMDAwMDkxfQ.irHDSTSlnlAQgm91srcFsIooHAHRRpbLARU5rFix0UU', 'Data': {'BrokerID': 10, 'PriceCoinID': 'USDT', 'TradeCoinID': 'ETH', 'Direction': 83, 'Price': 215400, 'PriceDecimal': 4, 'Volume': 10000000, 'VolumeDecimal': 6, 'OrderSouce': 85, 'OrderType': 1, 'CustomInfo': 'test'}}
2019-08-09 11:25:30,380-<order>-INFO->>{"Type":5,"Result":{"State":"1","Msg":"成功"},"Data":{"ID":82570118529024,"UserID":100000091,"CoinID":"ETH","CoinType":2,"Address":"0xf93decbd1722366059a54d61c6b8eb8f2b974a5d","Privkey":"Elloy6wojzu1qQesCgWgRXTp9X44xp+ToJOByqrrXV7685dmntwNxsdZVMS9JrWIcgXs9dfiRx3c769EqgaKn9bLRm9Rr1JHoN+MiluZGgk=","TotalCoinAmount":26600000000,"FreeAmount":11000000000,"FreezeAmount":14600000000,"PreFreezeAmount":1000000000,"DecimalNum":8,"CreateTime":20190807150640,"TotalRMBAmount":0,"TotalUSDTAmount":0,"USDTDecimal":0,"RMBDecimal":0},"TmpData":""}
2019-08-09 11:25:55,389-<order>-INFO->>************进行买单操作************
2019-08-09 11:25:55,389-<order>-INFO->>{'Type': 1, 'UserID': 100000091, 'Token': 'eyJhbGciOiJIUzI1NiIsInR5cCI6IkpXVCJ9.eyJhdWQiOiJHcmVlbiIsImF1dGgiOiJ0cmFkZSIsImV4cCI6MTU2NTMyODMyOSwiaWF0IjoxNTY1MzIxMDY5LCJpc3MiOiJHcmVlbiIsInN1YiI6MTAwMDAwMDkxfQ.irHDSTSlnlAQgm91srcFsIooHAHRRpbLARU5rFix0UU', 'Data': {'BrokerID': 10, 'PriceCoinID': 'USDT', 'TradeCoinID': 'ETH', 'Direction': 66, 'Price': 215400, 'PriceDecimal': 4, 'Volume': 10000000, 'VolumeDecimal': 6, 'OrderSouce': 85, 'OrderType': 1, 'CustomInfo': 'test'}}
2019-08-09 11:25:55,389-<order>-INFO->>{"Type":1,"Result":{"State":"1","Msg":"成功"},"Data":null,"TmpData":""}
2019-08-09 11:26:20,399-<order>-INFO->>************进行卖单操作************
2019-08-09 11:26:20,399-<order>-INFO->>{'Type': 1, 'UserID': 100000091, 'Token': 'eyJhbGciOiJIUzI1NiIsInR5cCI6IkpXVCJ9.eyJhdWQiOiJHcmVlbiIsImF1dGgiOiJ0cmFkZSIsImV4cCI6MTU2NTMyODMyOSwiaWF0IjoxNTY1MzIxMDY5LCJpc3MiOiJHcmVlbiIsInN1YiI6MTAwMDAwMDkxfQ.irHDSTSlnlAQgm91srcFsIooHAHRRpbLARU5rFix0UU', 'Data': {'BrokerID': 10, 'PriceCoinID': 'USDT', 'TradeCoinID': 'ETH', 'Direction': 83, 'Price': 215400, 'PriceDecimal': 4, 'Volume': 10000000, 'VolumeDecimal': 6, 'OrderSouce': 85, 'OrderType': 1, 'CustomInfo': 'test'}}
2019-08-09 11:26:20,399-<order>-INFO->>{"Type":4,"Result":{"State":"1","Msg":"成功"},"Data":{"BrokerID":10,"UserID":100000091,"PriceCoinID":"USDT","TradeCoinID":"ETH","OrderID":234,"FrontID":50001,"OrderFrontID":82831492988928,"FrontTime":20190809112531,"OrderTime":20190809112531000,"OverTime":0,"UpdateTime":0,"CancelTime":0,"Direction":83,"OrderSource":85,"OrderStatus":2,"Price":215400,"PriceDecimal":4,"Volume":10000000,"VolumeDecimal":6,"OrderType":1,"TradeVolume":0,"CancelVolume":0,"CustomInfo":"test","Row":0},"TmpData":""}
2019-08-09 11:26:45,414-<order>-INFO->>************进行买单操作************
2019-08-09 11:26:45,414-<order>-INFO->>{'Type': 1, 'UserID': 100000091, 'Token': 'eyJhbGciOiJIUzI1NiIsInR5cCI6IkpXVCJ9.eyJhdWQiOiJHcmVlbiIsImF1dGgiOiJ0cmFkZSIsImV4cCI6MTU2NTMyODMyOSwiaWF0IjoxNTY1MzIxMDY5LCJpc3MiOiJHcmVlbiIsInN1YiI6MTAwMDAwMDkxfQ.irHDSTSlnlAQgm91srcFsIooHAHRRpbLARU5rFix0UU', 'Data': {'BrokerID': 10, 'PriceCoinID': 'USDT', 'TradeCoinID': 'ETH', 'Direction': 66, 'Price': 215400, 'PriceDecimal': 4, 'Volume': 10000000, 'VolumeDecimal': 6, 'OrderSouce': 85, 'OrderType': 1, 'CustomInfo': 'test'}}
2019-08-09 11:26:45,414-<order>-INFO->>{"Type":5,"Result":{"State":"1","Msg":"成功"},"Data":{"ID":82570118529024,"UserID":100000091,"CoinID":"ETH","CoinType":2,"Address":"0xf93decbd1722366059a54d61c6b8eb8f2b974a5d","Privkey":"Elloy6wojzu1qQesCgWgRXTp9X44xp+ToJOByqrrXV7685dmntwNxsdZVMS9JrWIcgXs9dfiRx3c769EqgaKn9bLRm9Rr1JHoN+MiluZGgk=","TotalCoinAmount":26600000000,"FreeAmount":11000000000,"FreezeAmount":15600000000,"PreFreezeAmount":0,"DecimalNum":8,"CreateTime":20190807150640,"TotalRMBAmount":0,"TotalUSDTAmount":0,"USDTDecimal":0,"RMBDecimal":0},"TmpData":""}
2019-08-09 11:27:10,421-<order>-INFO->>************进行卖单操作************
2019-08-09 11:27:10,421-<order>-INFO->>{'Type': 1, 'UserID': 100000091, 'Token': 'eyJhbGciOiJIUzI1NiIsInR5cCI6IkpXVCJ9.eyJhdWQiOiJHcmVlbiIsImF1dGgiOiJ0cmFkZSIsImV4cCI6MTU2NTMyODMyOSwiaWF0IjoxNTY1MzIxMDY5LCJpc3MiOiJHcmVlbiIsInN1YiI6MTAwMDAwMDkxfQ.irHDSTSlnlAQgm91srcFsIooHAHRRpbLARU5rFix0UU', 'Data': {'BrokerID': 10, 'PriceCoinID': 'USDT', 'TradeCoinID': 'ETH', 'Direction': 83, 'Price': 215400, 'PriceDecimal': 4, 'Volume': 10000000, 'VolumeDecimal': 6, 'OrderSouce': 85, 'OrderType': 1, 'CustomInfo': 'test'}}
2019-08-09 11:27:10,421-<order>-INFO->>{"Type":5,"Result":{"State":"1","Msg":"成功"},"Data":{"ID":82543843229696,"UserID":100000091,"CoinID":"USDT","CoinType":2,"Address":"0xf93decbd1722366059a54d61c6b8eb8f2b974a5d","Privkey":"Elloy6wojzu1qQesCgWgRXTp9X44xp+ToJOByqrrXV7685dmntwNxsdZVMS9JrWIcgXs9dfiRx3c769EqgaKn9bLRm9Rr1JHoN+MiluZGgk=","TotalCoinAmount":899624818450000,"FreeAmount":899624417650000,"FreezeAmount":100200000,"PreFreezeAmount":300600000,"DecimalNum":8,"CreateTime":20190807103923,"TotalRMBAmount":0,"TotalUSDTAmount":0,"USDTDecimal":0,"RMBDecimal":0},"TmpData":""}
2019-08-09 11:27:35,429-<order>-INFO->>************进行买单操作************
2019-08-09 11:27:35,429-<order>-INFO->>{'Type': 1, 'UserID': 100000091, 'Token': 'eyJhbGciOiJIUzI1NiIsInR5cCI6IkpXVCJ9.eyJhdWQiOiJHcmVlbiIsImF1dGgiOiJ0cmFkZSIsImV4cCI6MTU2NTMyODMyOSwiaWF0IjoxNTY1MzIxMDY5LCJpc3MiOiJHcmVlbiIsInN1YiI6MTAwMDAwMDkxfQ.irHDSTSlnlAQgm91srcFsIooHAHRRpbLARU5rFix0UU', 'Data': {'BrokerID': 10, 'PriceCoinID': 'USDT', 'TradeCoinID': 'ETH', 'Direction': 66, 'Price': 215400, 'PriceDecimal': 4, 'Volume': 10000000, 'VolumeDecimal': 6, 'OrderSouce': 85, 'OrderType': 1, 'CustomInfo': 'test'}}
2019-08-09 11:27:35,429-<order>-INFO->>{"Type":1,"Result":{"State":"1","Msg":"成功"},"Data":null,"TmpData":""}
2019-08-09 11:28:00,433-<order>-INFO->>************进行卖单操作************
2019-08-09 11:28:00,433-<order>-INFO->>{'Type': 1, 'UserID': 100000091, 'Token': 'eyJhbGciOiJIUzI1NiIsInR5cCI6IkpXVCJ9.eyJhdWQiOiJHcmVlbiIsImF1dGgiOiJ0cmFkZSIsImV4cCI6MTU2NTMyODMyOSwiaWF0IjoxNTY1MzIxMDY5LCJpc3MiOiJHcmVlbiIsInN1YiI6MTAwMDAwMDkxfQ.irHDSTSlnlAQgm91srcFsIooHAHRRpbLARU5rFix0UU', 'Data': {'BrokerID': 10, 'PriceCoinID': 'USDT', 'TradeCoinID': 'ETH', 'Direction': 83, 'Price': 215400, 'PriceDecimal': 4, 'Volume': 10000000, 'VolumeDecimal': 6, 'OrderSouce': 85, 'OrderType': 1, 'CustomInfo': 'test'}}
2019-08-09 11:28:00,433-<order>-INFO->>{"Type":4,"Result":{"State":"1","Msg":"成功"},"Data":{"BrokerID":10,"UserID":100000091,"PriceCoinID":"USDT","TradeCoinID":"ETH","OrderID":235,"FrontID":50001,"OrderFrontID":82831534309376,"FrontTime":20190809112556,"OrderTime":20190809112556000,"OverTime":0,"UpdateTime":0,"CancelTime":0,"Direction":66,"OrderSource":85,"OrderStatus":2,"Price":215400,"PriceDecimal":4,"Volume":10000000,"VolumeDecimal":6,"OrderType":1,"TradeVolume":0,"CancelVolume":0,"CustomInfo":"test","Row":0},"TmpData":""}
2019-08-09 11:28:25,436-<order>-INFO->>************进行买单操作************
2019-08-09 11:28:25,436-<order>-INFO->>{'Type': 1, 'UserID': 100000091, 'Token': 'eyJhbGciOiJIUzI1NiIsInR5cCI6IkpXVCJ9.eyJhdWQiOiJHcmVlbiIsImF1dGgiOiJ0cmFkZSIsImV4cCI6MTU2NTMyODMyOSwiaWF0IjoxNTY1MzIxMDY5LCJpc3MiOiJHcmVlbiIsInN1YiI6MTAwMDAwMDkxfQ.irHDSTSlnlAQgm91srcFsIooHAHRRpbLARU5rFix0UU', 'Data': {'BrokerID': 10, 'PriceCoinID': 'USDT', 'TradeCoinID': 'ETH', 'Direction': 66, 'Price': 215400, 'PriceDecimal': 4, 'Volume': 10000000, 'VolumeDecimal': 6, 'OrderSouce': 85, 'OrderType': 1, 'CustomInfo': 'test'}}
2019-08-09 11:28:25,436-<order>-INFO->>{"Type":4,"Result":{"State":"1","Msg":"成功"},"Data":{"BrokerID":10,"UserID":100000091,"PriceCoinID":"USDT","TradeCoinID":"ETH","OrderID":235,"FrontID":50001,"OrderFrontID":82831534309376,"FrontTime":20190809112556,"OrderTime":20190809112556000,"OverTime":0,"UpdateTime":20190809112556000,"CancelTime":0,"Direction":66,"OrderSource":85,"OrderStatus":3,"Price":215400,"PriceDecimal":4,"Volume":10000000,"VolumeDecimal":6,"OrderType":1,"TradeVolume":8000397,"CancelVolume":0,"CustomInfo":"test","Row":0},"TmpData":""}
2019-08-09 11:28:50,445-<order>-INFO->>************进行卖单操作************
2019-08-09 11:28:50,445-<order>-INFO->>{'Type': 1, 'UserID': 100000091, 'Token': 'eyJhbGciOiJIUzI1NiIsInR5cCI6IkpXVCJ9.eyJhdWQiOiJHcmVlbiIsImF1dGgiOiJ0cmFkZSIsImV4cCI6MTU2NTMyODMyOSwiaWF0IjoxNTY1MzIxMDY5LCJpc3MiOiJHcmVlbiIsInN1YiI6MTAwMDAwMDkxfQ.irHDSTSlnlAQgm91srcFsIooHAHRRpbLARU5rFix0UU', 'Data': {'BrokerID': 10, 'PriceCoinID': 'USDT', 'TradeCoinID': 'ETH', 'Direction': 83, 'Price': 215400, 'PriceDecimal': 4, 'Volume': 10000000, 'VolumeDecimal': 6, 'OrderSouce': 85, 'OrderType': 1, 'CustomInfo': 'test'}}
2019-08-09 11:28:50,445-<order>-INFO->>{"Type":3,"Result":{"State":"1","Msg":"成功"},"Data":{"BrokerID":10,"UserID":100000091,"PriceCoinID":"USDT","TradeCoinID":"ETH","TradeID":160,"OrderID":235,"Direction":66,"Price":15400,"PriceDecimal":4,"Volume":8000397,"VolumeDecimal":6,"TradeTime":20190809112556000,"Commission":246,"CustomInfo":"test","Row":0},"TmpData":""}
2019-08-09 11:29:15,449-<order>-INFO->>************进行买单操作************
2019-08-09 11:29:15,449-<order>-INFO->>{'Type': 1, 'UserID': 100000091, 'Token': 'eyJhbGciOiJIUzI1NiIsInR5cCI6IkpXVCJ9.eyJhdWQiOiJHcmVlbiIsImF1dGgiOiJ0cmFkZSIsImV4cCI6MTU2NTMyODMyOSwiaWF0IjoxNTY1MzIxMDY5LCJpc3MiOiJHcmVlbiIsInN1YiI6MTAwMDAwMDkxfQ.irHDSTSlnlAQgm91srcFsIooHAHRRpbLARU5rFix0UU', 'Data': {'BrokerID': 10, 'PriceCoinID': 'USDT', 'TradeCoinID': 'ETH', 'Direction': 66, 'Price': 215400, 'PriceDecimal': 4, 'Volume': 10000000, 'VolumeDecimal': 6, 'OrderSouce': 85, 'OrderType': 1, 'CustomInfo': 'test'}}
2019-08-09 11:29:15,449-<order>-INFO->>{"Type":4,"Result":{"State":"1","Msg":"成功"},"Data":{"BrokerID":10,"UserID":100000091,"PriceCoinID":"USDT","TradeCoinID":"ETH","OrderID":235,"FrontID":50001,"OrderFrontID":82831534309376,"FrontTime":20190809112556,"OrderTime":20190809112556000,"OverTime":0,"UpdateTime":20190809112556000,"CancelTime":0,"Direction":66,"OrderSource":85,"OrderStatus":4,"Price":215400,"PriceDecimal":4,"Volume":10000000,"VolumeDecimal":6,"OrderType":1,"TradeVolume":10000000,"CancelVolume":0,"CustomInfo":"test","Row":0},"TmpData":""}
2019-08-09 11:29:40,450-<order>-INFO->>************进行卖单操作************
2019-08-09 11:29:40,450-<order>-INFO->>{'Type': 1, 'UserID': 100000091, 'Token': 'eyJhbGciOiJIUzI1NiIsInR5cCI6IkpXVCJ9.eyJhdWQiOiJHcmVlbiIsImF1dGgiOiJ0cmFkZSIsImV4cCI6MTU2NTMyODMyOSwiaWF0IjoxNTY1MzIxMDY5LCJpc3MiOiJHcmVlbiIsInN1YiI6MTAwMDAwMDkxfQ.irHDSTSlnlAQgm91srcFsIooHAHRRpbLARU5rFix0UU', 'Data': {'BrokerID': 10, 'PriceCoinID': 'USDT', 'TradeCoinID': 'ETH', 'Direction': 83, 'Price': 215400, 'PriceDecimal': 4, 'Volume': 10000000, 'VolumeDecimal': 6, 'OrderSouce': 85, 'OrderType': 1, 'CustomInfo': 'test'}}
2019-08-09 11:29:40,452-<order>-INFO->>{"Type":4,"Result":{"State":"1","Msg":"成功"},"Data":{"BrokerID":10,"UserID":100000091,"PriceCoinID":"USDT","TradeCoinID":"ETH","OrderID":188,"FrontID":50001,"OrderFrontID":82689821884416,"FrontTime":20190808112422,"OrderTime":20190808112422000,"OverTime":0,"UpdateTime":20190809112556000,"CancelTime":0,"Direction":83,"OrderSource":85,"OrderStatus":3,"Price":215400,"PriceDecimal":4,"Volume":10000000,"VolumeDecimal":6,"OrderType":1,"TradeVolume":5999603,"CancelVolume":0,"CustomInfo":"test","Row":0},"TmpData":""}
2019-08-09 11:30:05,454-<order>-INFO->>************进行买单操作************
2019-08-09 11:30:05,454-<order>-INFO->>{'Type': 1, 'UserID': 100000091, 'Token': 'eyJhbGciOiJIUzI1NiIsInR5cCI6IkpXVCJ9.eyJhdWQiOiJHcmVlbiIsImF1dGgiOiJ0cmFkZSIsImV4cCI6MTU2NTMyODMyOSwiaWF0IjoxNTY1MzIxMDY5LCJpc3MiOiJHcmVlbiIsInN1YiI6MTAwMDAwMDkxfQ.irHDSTSlnlAQgm91srcFsIooHAHRRpbLARU5rFix0UU', 'Data': {'BrokerID': 10, 'PriceCoinID': 'USDT', 'TradeCoinID': 'ETH', 'Direction': 66, 'Price': 215400, 'PriceDecimal': 4, 'Volume': 10000000, 'VolumeDecimal': 6, 'OrderSouce': 85, 'OrderType': 1, 'CustomInfo': 'test'}}
2019-08-09 11:30:05,454-<order>-INFO->>{"Type":3,"Result":{"State":"1","Msg":"成功"},"Data":{"BrokerID":10,"UserID":100000091,"PriceCoinID":"USDT","TradeCoinID":"ETH","TradeID":161,"OrderID":235,"Direction":66,"Price":215400,"PriceDecimal":4,"Volume":1999603,"VolumeDecimal":6,"TradeTime":20190809112556000,"Commission":861,"CustomInfo":"test","Row":0},"TmpData":""}
2019-08-09 11:30:30,456-<order>-INFO->>************进行卖单操作************
2019-08-09 11:30:30,456-<order>-INFO->>{'Type': 1, 'UserID': 100000091, 'Token': 'eyJhbGciOiJIUzI1NiIsInR5cCI6IkpXVCJ9.eyJhdWQiOiJHcmVlbiIsImF1dGgiOiJ0cmFkZSIsImV4cCI6MTU2NTMyODMyOSwiaWF0IjoxNTY1MzIxMDY5LCJpc3MiOiJHcmVlbiIsInN1YiI6MTAwMDAwMDkxfQ.irHDSTSlnlAQgm91srcFsIooHAHRRpbLARU5rFix0UU', 'Data': {'BrokerID': 10, 'PriceCoinID': 'USDT', 'TradeCoinID': 'ETH', 'Direction': 83, 'Price': 215400, 'PriceDecimal': 4, 'Volume': 10000000, 'VolumeDecimal': 6, 'OrderSouce': 85, 'OrderType': 1, 'CustomInfo': 'test'}}
2019-08-09 11:30:30,456-<order>-INFO->>{"Type":3,"Result":{"State":"1","Msg":"成功"},"Data":{"BrokerID":10,"UserID":100000091,"PriceCoinID":"USDT","TradeCoinID":"ETH","TradeID":161,"OrderID":188,"Direction":83,"Price":215400,"PriceDecimal":4,"Volume":1999603,"VolumeDecimal":6,"TradeTime":20190809112556000,"Commission":861,"CustomInfo":"test","Row":0},"TmpData":""}
2019-08-09 14:58:28,275-<<module>>-INFO->>+++++2019-08-09 14:58:28++++++
2019-08-09 14:58:28,670-<login_account>-INFO->>************进行登录操作************
2019-08-09 14:58:28,670-<login_account>-INFO->>{'Version': '0.0', 'Token': '', 'Connection': 'close', 'User-Agent': 'Mozilla/5.0 (Windows NT 6.1; WOW64) AppleWebKit/537.17 (KHTML, like Gecko) Chrome/24.0.1312.60 Safari/537.17'}
2019-08-09 14:58:28,670-<login_account>-INFO->>{'PhoneNumber': '13100010002', 'Password': 'zxc123..', 'LoginSource': 1, 'PhoneVerificationCode': '123456', 'IP': '', 'MachinID': '', 'NeedCode': 1}
2019-08-09 14:58:29,572-<login_account>-INFO->>{'Result': {'State': '1', 'Msg': '成功'}, 'Token': 'eyJhbGciOiJIUzI1NiIsInR5cCI6IkpXVCJ9.eyJhdWQiOiJHcmVlbiIsImF1dGgiOiIiLCJleHAiOjE1Njc5MjU5MDksImlhdCI6MTU2NTMzMzg0OSwiaXNzIjoiR3JlZW4iLCJzdWIiOjEwMDAwMDA5MX0.4ruY0Xoag87XfebX_ZfJb7mpr3-v1cSrqPVUEvZNl-A', 'Data': {'ID': 100000091, 'PhoneNumber': '13100010002', 'CountryCode': '', 'InviteCode': '2FcMGP', 'Email': '', 'IsSetFundPW': 1, 'NickName': '', 'HeadImage': '', 'IsRealCheck': 1, 'RealCheckDes': '', 'IsBindBank': 1, 'IsBindAliPay': 1, 'IsBindWeChatPay': 2, 'Authority': '', 'AccountType': 1, 'LoginAuthority': 1, 'TradeStatus': 2, 'RecommenderID': 100000001, 'RecommenderIDs': '100000001_', 'RegisterSource': 1, 'LastLoginTime': 0, 'CreateTime': 20190807101931}}
2019-08-09 14:58:29,572-<check_price_token>-INFO->>************校验资金密码************
2019-08-09 14:58:29,572-<check_price_token>-INFO->>{'Version': '0.0', 'Token': 'eyJhbGciOiJIUzI1NiIsInR5cCI6IkpXVCJ9.eyJhdWQiOiJHcmVlbiIsImF1dGgiOiIiLCJleHAiOjE1Njc5MjU5MDksImlhdCI6MTU2NTMzMzg0OSwiaXNzIjoiR3JlZW4iLCJzdWIiOjEwMDAwMDA5MX0.4ruY0Xoag87XfebX_ZfJb7mpr3-v1cSrqPVUEvZNl-A', 'Connection': 'close', 'User-Agent': 'Mozilla/5.0 (Windows NT 6.1; WOW64) AppleWebKit/537.17 (KHTML, like Gecko) Chrome/24.0.1312.60 Safari/537.17'}
2019-08-09 14:58:38,969-<<module>>-INFO->>+++++2019-08-09 14:58:38++++++
2019-08-09 14:58:39,281-<login_account>-INFO->>************进行登录操作************
2019-08-09 14:58:39,281-<login_account>-INFO->>{'Version': '0.0', 'Token': '', 'Connection': 'close', 'User-Agent': 'Mozilla/5.0 (Windows NT 5.1) AppleWebKit/537.36 (KHTML, like Gecko) Chrome/35.0.2309.372 Safari/537.36'}
2019-08-09 14:58:39,281-<login_account>-INFO->>{'PhoneNumber': '13100010002', 'Password': 'zxc123..', 'LoginSource': 1, 'PhoneVerificationCode': '123456', 'IP': '', 'MachinID': '', 'NeedCode': 1}
2019-08-09 14:58:40,109-<login_account>-INFO->>{'Result': {'State': '1', 'Msg': '成功'}, 'Token': 'eyJhbGciOiJIUzI1NiIsInR5cCI6IkpXVCJ9.eyJhdWQiOiJHcmVlbiIsImF1dGgiOiIiLCJleHAiOjE1Njc5MjU5MjAsImlhdCI6MTU2NTMzMzg2MCwiaXNzIjoiR3JlZW4iLCJzdWIiOjEwMDAwMDA5MX0.xO6StNKny55Gi0eFTZ42Q5zuV0MEZKOZ7IyzFagvrQ8', 'Data': {'ID': 100000091, 'PhoneNumber': '13100010002', 'CountryCode': '', 'InviteCode': '2FcMGP', 'Email': '', 'IsSetFundPW': 1, 'NickName': '', 'HeadImage': '', 'IsRealCheck': 1, 'RealCheckDes': '', 'IsBindBank': 1, 'IsBindAliPay': 1, 'IsBindWeChatPay': 2, 'Authority': '', 'AccountType': 1, 'LoginAuthority': 1, 'TradeStatus': 2, 'RecommenderID': 100000001, 'RecommenderIDs': '100000001_', 'RegisterSource': 1, 'LastLoginTime': 0, 'CreateTime': 20190807101931}}
2019-08-09 14:58:40,109-<check_price_token>-INFO->>************校验资金密码************
2019-08-09 14:58:40,109-<check_price_token>-INFO->>{'Version': '0.0', 'Token': 'eyJhbGciOiJIUzI1NiIsInR5cCI6IkpXVCJ9.eyJhdWQiOiJHcmVlbiIsImF1dGgiOiIiLCJleHAiOjE1Njc5MjU5MjAsImlhdCI6MTU2NTMzMzg2MCwiaXNzIjoiR3JlZW4iLCJzdWIiOjEwMDAwMDA5MX0.xO6StNKny55Gi0eFTZ42Q5zuV0MEZKOZ7IyzFagvrQ8', 'Connection': 'close', 'User-Agent': 'Mozilla/5.0 (Windows NT 5.1) AppleWebKit/537.36 (KHTML, like Gecko) Chrome/35.0.2309.372 Safari/537.36'}
2019-08-09 14:58:40,953-<check_price_token>-INFO->>{'Result': {'State': '1', 'Msg': '成功'}, 'Token': 'eyJhbGciOiJIUzI1NiIsInR5cCI6IkpXVCJ9.eyJhdWQiOiJHcmVlbiIsImF1dGgiOiJ0cmFkZSIsImV4cCI6MTU2NTM0MTEyMSwiaWF0IjoxNTY1MzMzODYxLCJpc3MiOiJHcmVlbiIsInN1YiI6MTAwMDAwMDkxfQ.0rRm69zmm5_agmOGC8_Dif6J4RVvibB8ieFJ6UzURso'}
2019-08-09 14:58:40,953-<__new__>-INFO->>**********建立Socket连接**********
2019-08-09 14:58:42,853-<__init__>-INFO->>************进行登记用户************
2019-08-09 14:58:42,853-<__init__>-INFO->>{'Type': 0, 'UserId': 100000091, 'Token': 'eyJhbGciOiJIUzI1NiIsInR5cCI6IkpXVCJ9.eyJhdWQiOiJHcmVlbiIsImF1dGgiOiJ0cmFkZSIsImV4cCI6MTU2NTM0MTEyMSwiaWF0IjoxNTY1MzMzODYxLCJpc3MiOiJHcmVlbiIsInN1YiI6MTAwMDAwMDkxfQ.0rRm69zmm5_agmOGC8_Dif6J4RVvibB8ieFJ6UzURso', 'Data': {'Source': 1, 'Action': 1}}
2019-08-09 14:58:43,041-<__init__>-INFO->>{"Type":0,"Result":{"State":"1","Msg":"成功"},"Data":null,"TmpData":""}
2019-08-09 14:58:43,041-<order>-INFO->>************进行卖单操作************
2019-08-09 14:58:43,041-<order>-INFO->>{'Type': 1, 'UserID': 100000091, 'Token': 'eyJhbGciOiJIUzI1NiIsInR5cCI6IkpXVCJ9.eyJhdWQiOiJHcmVlbiIsImF1dGgiOiJ0cmFkZSIsImV4cCI6MTU2NTM0MTEyMSwiaWF0IjoxNTY1MzMzODYxLCJpc3MiOiJHcmVlbiIsInN1YiI6MTAwMDAwMDkxfQ.0rRm69zmm5_agmOGC8_Dif6J4RVvibB8ieFJ6UzURso', 'Data': {'BrokerID': 10, 'PriceCoinID': 'USDT', 'TradeCoinID': 'ETH', 'Direction': 83, 'Price': 123400, 'PriceDecimal': 4, 'Volume': 10000000, 'VolumeDecimal': 6, 'OrderSouce': 85, 'OrderType': 1, 'CustomInfo': 'test'}}
2019-08-09 14:58:43,251-<order>-INFO->>{"Type":1,"Result":{"State":"1","Msg":"成功"},"Data":null,"TmpData":""}
2019-08-09 14:58:48,253-<order>-INFO->>************进行买单操作************
2019-08-09 14:58:48,253-<order>-INFO->>{'Type': 1, 'UserID': 100000091, 'Token': 'eyJhbGciOiJIUzI1NiIsInR5cCI6IkpXVCJ9.eyJhdWQiOiJHcmVlbiIsImF1dGgiOiJ0cmFkZSIsImV4cCI6MTU2NTM0MTEyMSwiaWF0IjoxNTY1MzMzODYxLCJpc3MiOiJHcmVlbiIsInN1YiI6MTAwMDAwMDkxfQ.0rRm69zmm5_agmOGC8_Dif6J4RVvibB8ieFJ6UzURso', 'Data': {'BrokerID': 10, 'PriceCoinID': 'USDT', 'TradeCoinID': 'ETH', 'Direction': 66, 'Price': 123400, 'PriceDecimal': 4, 'Volume': 10000000, 'VolumeDecimal': 6, 'OrderSouce': 85, 'OrderType': 1, 'CustomInfo': 'test'}}
2019-08-09 14:58:48,256-<order>-INFO->>{"Type":4,"Result":{"State":"1","Msg":"成功"},"Data":{"BrokerID":10,"UserID":100000091,"PriceCoinID":"USDT","TradeCoinID":"ETH","OrderID":248,"FrontID":50001,"OrderFrontID":82852451614720,"FrontTime":20190809145843,"OrderTime":20190809145843000,"OverTime":0,"UpdateTime":0,"CancelTime":0,"Direction":83,"OrderSource":85,"OrderStatus":2,"Price":123400,"PriceDecimal":4,"Volume":10000000,"VolumeDecimal":6,"OrderType":1,"TradeVolume":0,"CancelVolume":0,"CustomInfo":"test","Row":0},"TmpData":""}
2019-08-09 14:58:53,264-<order>-INFO->>************进行卖单操作************
2019-08-09 14:58:53,264-<order>-INFO->>{'Type': 1, 'UserID': 100000091, 'Token': 'eyJhbGciOiJIUzI1NiIsInR5cCI6IkpXVCJ9.eyJhdWQiOiJHcmVlbiIsImF1dGgiOiJ0cmFkZSIsImV4cCI6MTU2NTM0MTEyMSwiaWF0IjoxNTY1MzMzODYxLCJpc3MiOiJHcmVlbiIsInN1YiI6MTAwMDAwMDkxfQ.0rRm69zmm5_agmOGC8_Dif6J4RVvibB8ieFJ6UzURso', 'Data': {'BrokerID': 10, 'PriceCoinID': 'USDT', 'TradeCoinID': 'ETH', 'Direction': 83, 'Price': 123400, 'PriceDecimal': 4, 'Volume': 10000000, 'VolumeDecimal': 6, 'OrderSouce': 85, 'OrderType': 1, 'CustomInfo': 'test'}}
2019-08-09 14:58:53,264-<order>-INFO->>{"Type":4,"Result":{"State":"1","Msg":"成功"},"Data":{"BrokerID":10,"UserID":100000091,"PriceCoinID":"USDT","TradeCoinID":"ETH","OrderID":248,"FrontID":50001,"OrderFrontID":82852451614720,"FrontTime":20190809145843,"OrderTime":20190809145843000,"OverTime":0,"UpdateTime":20190809145843000,"CancelTime":0,"Direction":83,"OrderSource":85,"OrderStatus":4,"Price":123400,"PriceDecimal":4,"Volume":10000000,"VolumeDecimal":6,"OrderType":1,"TradeVolume":10000000,"CancelVolume":0,"CustomInfo":"test","Row":0},"TmpData":""}
2019-08-09 14:58:58,265-<order>-INFO->>************进行买单操作************
2019-08-09 14:58:58,265-<order>-INFO->>{'Type': 1, 'UserID': 100000091, 'Token': 'eyJhbGciOiJIUzI1NiIsInR5cCI6IkpXVCJ9.eyJhdWQiOiJHcmVlbiIsImF1dGgiOiJ0cmFkZSIsImV4cCI6MTU2NTM0MTEyMSwiaWF0IjoxNTY1MzMzODYxLCJpc3MiOiJHcmVlbiIsInN1YiI6MTAwMDAwMDkxfQ.0rRm69zmm5_agmOGC8_Dif6J4RVvibB8ieFJ6UzURso', 'Data': {'BrokerID': 10, 'PriceCoinID': 'USDT', 'TradeCoinID': 'ETH', 'Direction': 66, 'Price': 123400, 'PriceDecimal': 4, 'Volume': 10000000, 'VolumeDecimal': 6, 'OrderSouce': 85, 'OrderType': 1, 'CustomInfo': 'test'}}
2019-08-09 14:58:58,266-<order>-INFO->>{"Type":3,"Result":{"State":"1","Msg":"成功"},"Data":{"BrokerID":10,"UserID":100000091,"PriceCoinID":"USDT","TradeCoinID":"ETH","TradeID":190,"OrderID":248,"Direction":83,"Price":250000,"PriceDecimal":4,"Volume":10000000,"VolumeDecimal":6,"TradeTime":20190809145843000,"Commission":5000,"CustomInfo":"test","Row":0},"TmpData":""}
2019-08-09 14:59:03,266-<order>-INFO->>************进行卖单操作************
2019-08-09 14:59:03,266-<order>-INFO->>{'Type': 1, 'UserID': 100000091, 'Token': 'eyJhbGciOiJIUzI1NiIsInR5cCI6IkpXVCJ9.eyJhdWQiOiJHcmVlbiIsImF1dGgiOiJ0cmFkZSIsImV4cCI6MTU2NTM0MTEyMSwiaWF0IjoxNTY1MzMzODYxLCJpc3MiOiJHcmVlbiIsInN1YiI6MTAwMDAwMDkxfQ.0rRm69zmm5_agmOGC8_Dif6J4RVvibB8ieFJ6UzURso', 'Data': {'BrokerID': 10, 'PriceCoinID': 'USDT', 'TradeCoinID': 'ETH', 'Direction': 83, 'Price': 123400, 'PriceDecimal': 4, 'Volume': 10000000, 'VolumeDecimal': 6, 'OrderSouce': 85, 'OrderType': 1, 'CustomInfo': 'test'}}
2019-08-09 14:59:03,266-<order>-INFO->>{"Type":5,"Result":{"State":"1","Msg":"成功"},"Data":{"ID":82570118529024,"UserID":100000091,"CoinID":"ETH","CoinType":2,"Address":"0xf93decbd1722366059a54d61c6b8eb8f2b974a5d","Privkey":"Elloy6wojzu1qQesCgWgRXTp9X44xp+ToJOByqrrXV7685dmntwNxsdZVMS9JrWIcgXs9dfiRx3c769EqgaKn9bLRm9Rr1JHoN+MiluZGgk=","TotalCoinAmount":11000000000,"FreeAmount":10000000000,"FreezeAmount":0,"PreFreezeAmount":1000000000,"DecimalNum":8,"CreateTime":20190807150640,"TotalRMBAmount":0,"TotalUSDTAmount":0,"USDTDecimal":0,"RMBDecimal":0},"TmpData":""}
2019-08-09 14:59:08,266-<order>-INFO->>************进行买单操作************
2019-08-09 14:59:08,266-<order>-INFO->>{'Type': 1, 'UserID': 100000091, 'Token': 'eyJhbGciOiJIUzI1NiIsInR5cCI6IkpXVCJ9.eyJhdWQiOiJHcmVlbiIsImF1dGgiOiJ0cmFkZSIsImV4cCI6MTU2NTM0MTEyMSwiaWF0IjoxNTY1MzMzODYxLCJpc3MiOiJHcmVlbiIsInN1YiI6MTAwMDAwMDkxfQ.0rRm69zmm5_agmOGC8_Dif6J4RVvibB8ieFJ6UzURso', 'Data': {'BrokerID': 10, 'PriceCoinID': 'USDT', 'TradeCoinID': 'ETH', 'Direction': 66, 'Price': 123400, 'PriceDecimal': 4, 'Volume': 10000000, 'VolumeDecimal': 6, 'OrderSouce': 85, 'OrderType': 1, 'CustomInfo': 'test'}}
2019-08-09 14:59:08,268-<order>-INFO->>{"Type":5,"Result":{"State":"1","Msg":"成功"},"Data":{"ID":82570118529024,"UserID":100000091,"CoinID":"ETH","CoinType":2,"Address":"0xf93decbd1722366059a54d61c6b8eb8f2b974a5d","Privkey":"Elloy6wojzu1qQesCgWgRXTp9X44xp+ToJOByqrrXV7685dmntwNxsdZVMS9JrWIcgXs9dfiRx3c769EqgaKn9bLRm9Rr1JHoN+MiluZGgk=","TotalCoinAmount":10000000000,"FreeAmount":10000000000,"FreezeAmount":0,"PreFreezeAmount":0,"DecimalNum":8,"CreateTime":20190807150640,"TotalRMBAmount":0,"TotalUSDTAmount":0,"USDTDecimal":0,"RMBDecimal":0},"TmpData":""}
2019-08-09 15:01:34,401-<<module>>-INFO->>+++++2019-08-09 15:01:34++++++
2019-08-09 15:01:34,682-<login_account>-INFO->>************进行登录操作************
2019-08-09 15:01:34,682-<login_account>-INFO->>{'Version': '0.0', 'Token': '', 'Connection': 'close', 'User-Agent': 'Mozilla/5.0 (Macintosh; U; Intel Mac OS X 10_5_8; zh-cn) AppleWebKit/533.18.1 (KHTML, like Gecko) Version/5.0.2 Safari/533.18.5'}
2019-08-09 15:01:34,682-<login_account>-INFO->>{'PhoneNumber': '13100010002', 'Password': 'zxc123..', 'LoginSource': 1, 'PhoneVerificationCode': '123456', 'IP': '', 'MachinID': '', 'NeedCode': 1}
2019-08-09 15:01:35,503-<login_account>-INFO->>{'Result': {'State': '1', 'Msg': '成功'}, 'Token': 'eyJhbGciOiJIUzI1NiIsInR5cCI6IkpXVCJ9.eyJhdWQiOiJHcmVlbiIsImF1dGgiOiIiLCJleHAiOjE1Njc5MjYwOTUsImlhdCI6MTU2NTMzNDAzNSwiaXNzIjoiR3JlZW4iLCJzdWIiOjEwMDAwMDA5MX0.5Ygv7G8hGBqqcfXKIEGbubIXV47W-tnR6Ic4ka3rlOE', 'Data': {'ID': 100000091, 'PhoneNumber': '13100010002', 'CountryCode': '', 'InviteCode': '2FcMGP', 'Email': '', 'IsSetFundPW': 1, 'NickName': '', 'HeadImage': '', 'IsRealCheck': 1, 'RealCheckDes': '', 'IsBindBank': 1, 'IsBindAliPay': 1, 'IsBindWeChatPay': 2, 'Authority': '', 'AccountType': 1, 'LoginAuthority': 1, 'TradeStatus': 2, 'RecommenderID': 100000001, 'RecommenderIDs': '100000001_', 'RegisterSource': 1, 'LastLoginTime': 0, 'CreateTime': 20190807101931}}
2019-08-09 15:01:35,503-<check_price_token>-INFO->>************校验资金密码************
2019-08-09 15:01:35,503-<check_price_token>-INFO->>{'Version': '0.0', 'Token': 'eyJhbGciOiJIUzI1NiIsInR5cCI6IkpXVCJ9.eyJhdWQiOiJHcmVlbiIsImF1dGgiOiIiLCJleHAiOjE1Njc5MjYwOTUsImlhdCI6MTU2NTMzNDAzNSwiaXNzIjoiR3JlZW4iLCJzdWIiOjEwMDAwMDA5MX0.5Ygv7G8hGBqqcfXKIEGbubIXV47W-tnR6Ic4ka3rlOE', 'Connection': 'close', 'User-Agent': 'Mozilla/5.0 (Macintosh; U; Intel Mac OS X 10_5_8; zh-cn) AppleWebKit/533.18.1 (KHTML, like Gecko) Version/5.0.2 Safari/533.18.5'}
2019-08-09 15:01:36,316-<check_price_token>-INFO->>{'Result': {'State': '1', 'Msg': '成功'}, 'Token': 'eyJhbGciOiJIUzI1NiIsInR5cCI6IkpXVCJ9.eyJhdWQiOiJHcmVlbiIsImF1dGgiOiJ0cmFkZSIsImV4cCI6MTU2NTM0MTI5NiwiaWF0IjoxNTY1MzM0MDM2LCJpc3MiOiJHcmVlbiIsInN1YiI6MTAwMDAwMDkxfQ.b0-xgfM2QcvZ7_NVpWvdZxWb38Xd6tLd-b9gezDxUlc'}
2019-08-09 15:01:36,316-<__new__>-INFO->>**********建立Socket连接**********
2019-08-09 15:01:37,309-<__init__>-INFO->>************进行登记用户************
2019-08-09 15:01:37,309-<__init__>-INFO->>{'Type': 0, 'UserId': 100000091, 'Token': 'eyJhbGciOiJIUzI1NiIsInR5cCI6IkpXVCJ9.eyJhdWQiOiJHcmVlbiIsImF1dGgiOiJ0cmFkZSIsImV4cCI6MTU2NTM0MTI5NiwiaWF0IjoxNTY1MzM0MDM2LCJpc3MiOiJHcmVlbiIsInN1YiI6MTAwMDAwMDkxfQ.b0-xgfM2QcvZ7_NVpWvdZxWb38Xd6tLd-b9gezDxUlc', 'Data': {'Source': 1, 'Action': 1}}
2019-08-09 15:01:37,518-<__init__>-INFO->>{"Type":0,"Result":{"State":"1","Msg":"成功"},"Data":null,"TmpData":""}
2019-08-09 15:01:37,519-<order>-INFO->>************进行卖单操作************
2019-08-09 15:01:37,519-<order>-INFO->>{'Type': 1, 'UserID': 100000091, 'Token': 'eyJhbGciOiJIUzI1NiIsInR5cCI6IkpXVCJ9.eyJhdWQiOiJHcmVlbiIsImF1dGgiOiJ0cmFkZSIsImV4cCI6MTU2NTM0MTI5NiwiaWF0IjoxNTY1MzM0MDM2LCJpc3MiOiJHcmVlbiIsInN1YiI6MTAwMDAwMDkxfQ.b0-xgfM2QcvZ7_NVpWvdZxWb38Xd6tLd-b9gezDxUlc', 'Data': {'BrokerID': 10, 'PriceCoinID': 'USDT', 'TradeCoinID': 'ETH', 'Direction': 83, 'Price': 123400, 'PriceDecimal': 4, 'Volume': 10000000, 'VolumeDecimal': 6, 'OrderSouce': 85, 'OrderType': 1, 'CustomInfo': 'test'}}
2019-08-09 15:01:37,737-<order>-INFO->>{"Type":5,"Result":{"State":"1","Msg":"成功"},"Data":{"ID":82570118529024,"UserID":100000091,"CoinID":"ETH","CoinType":2,"Address":"0xf93decbd1722366059a54d61c6b8eb8f2b974a5d","Privkey":"Elloy6wojzu1qQesCgWgRXTp9X44xp+ToJOByqrrXV7685dmntwNxsdZVMS9JrWIcgXs9dfiRx3c769EqgaKn9bLRm9Rr1JHoN+MiluZGgk=","TotalCoinAmount":8000000000,"FreeAmount":7000000000,"FreezeAmount":0,"PreFreezeAmount":1000000000,"DecimalNum":8,"CreateTime":20190807150640,"TotalRMBAmount":0,"TotalUSDTAmount":0,"USDTDecimal":0,"RMBDecimal":0},"TmpData":""}
2019-08-09 15:01:44,661-<<module>>-INFO->>+++++2019-08-09 15:01:44++++++
2019-08-09 15:01:44,943-<login_account>-INFO->>************进行登录操作************
2019-08-09 15:01:44,943-<login_account>-INFO->>{'Version': '0.0', 'Token': '', 'Connection': 'close', 'User-Agent': 'Mozilla/5.0 (Windows NT 6.1; WOW64) AppleWebKit/537.36 (KHTML, like Gecko) Chrome/31.0.1623.0 Safari/537.36'}
2019-08-09 15:01:44,943-<login_account>-INFO->>{'PhoneNumber': '13100010001', 'Password': 'zxc123..', 'LoginSource': 1, 'PhoneVerificationCode': '123456', 'IP': '', 'MachinID': '', 'NeedCode': 1}
2019-08-09 15:01:47,005-<login_account>-INFO->>{'Result': {'State': '1', 'Msg': '成功'}, 'Token': 'eyJhbGciOiJIUzI1NiIsInR5cCI6IkpXVCJ9.eyJhdWQiOiJHcmVlbiIsImF1dGgiOiIiLCJleHAiOjE1Njc5MjYxMDcsImlhdCI6MTU2NTMzNDA0NywiaXNzIjoiR3JlZW4iLCJzdWIiOjEwMDAwMDAwMn0.Um5nxc9lfPfo2_MaEdDkLCKpahT5XGjXt_wlQX-uyIk', 'Data': {'ID': 100000002, 'PhoneNumber': '13100010001', 'CountryCode': '', 'InviteCode': '2FcMFh', 'Email': '', 'IsSetFundPW': 1, 'NickName': '', 'HeadImage': 'http://192.168.28.76:8605/static/bank/zhongxinyinhang.png', 'IsRealCheck': 1, 'RealCheckDes': '', 'IsBindBank': 2, 'IsBindAliPay': 1, 'IsBindWeChatPay': 2, 'Authority': '', 'AccountType': 1, 'LoginAuthority': 1, 'TradeStatus': 2, 'RecommenderID': 100000001, 'RecommenderIDs': '100000001_', 'RegisterSource': 1, 'LastLoginTime': 0, 'CreateTime': 20190805204956}}
2019-08-09 15:01:47,021-<check_price_token>-INFO->>************校验资金密码************
2019-08-09 15:01:47,021-<check_price_token>-INFO->>{'Version': '0.0', 'Token': 'eyJhbGciOiJIUzI1NiIsInR5cCI6IkpXVCJ9.eyJhdWQiOiJHcmVlbiIsImF1dGgiOiIiLCJleHAiOjE1Njc5MjYxMDcsImlhdCI6MTU2NTMzNDA0NywiaXNzIjoiR3JlZW4iLCJzdWIiOjEwMDAwMDAwMn0.Um5nxc9lfPfo2_MaEdDkLCKpahT5XGjXt_wlQX-uyIk', 'Connection': 'close', 'User-Agent': 'Mozilla/5.0 (Windows NT 6.1; WOW64) AppleWebKit/537.36 (KHTML, like Gecko) Chrome/31.0.1623.0 Safari/537.36'}
2019-08-09 15:01:47,826-<check_price_token>-INFO->>{'Result': {'State': '1', 'Msg': '成功'}, 'Token': 'eyJhbGciOiJIUzI1NiIsInR5cCI6IkpXVCJ9.eyJhdWQiOiJHcmVlbiIsImF1dGgiOiJ0cmFkZSIsImV4cCI6MTU2NTM0MTMwNywiaWF0IjoxNTY1MzM0MDQ3LCJpc3MiOiJHcmVlbiIsInN1YiI6MTAwMDAwMDAyfQ.VgASj9J-Hm7INduECPQY25MFNvP-0Vi4n2KPDQidx7k'}
2019-08-09 15:01:47,826-<__new__>-INFO->>**********建立Socket连接**********
2019-08-09 15:01:49,407-<__init__>-INFO->>************进行登记用户************
2019-08-09 15:01:49,407-<__init__>-INFO->>{'Type': 0, 'UserId': 100000002, 'Token': 'eyJhbGciOiJIUzI1NiIsInR5cCI6IkpXVCJ9.eyJhdWQiOiJHcmVlbiIsImF1dGgiOiJ0cmFkZSIsImV4cCI6MTU2NTM0MTMwNywiaWF0IjoxNTY1MzM0MDQ3LCJpc3MiOiJHcmVlbiIsInN1YiI6MTAwMDAwMDAyfQ.VgASj9J-Hm7INduECPQY25MFNvP-0Vi4n2KPDQidx7k', 'Data': {'Source': 1, 'Action': 1}}
2019-08-09 15:01:50,131-<__init__>-INFO->>{"Type":0,"Result":{"State":"1","Msg":"成功"},"Data":null,"TmpData":""}
2019-08-09 15:01:50,131-<order>-INFO->>************进行卖单操作************
2019-08-09 15:01:50,131-<order>-INFO->>{'Type': 1, 'UserID': 100000002, 'Token': 'eyJhbGciOiJIUzI1NiIsInR5cCI6IkpXVCJ9.eyJhdWQiOiJHcmVlbiIsImF1dGgiOiJ0cmFkZSIsImV4cCI6MTU2NTM0MTMwNywiaWF0IjoxNTY1MzM0MDQ3LCJpc3MiOiJHcmVlbiIsInN1YiI6MTAwMDAwMDAyfQ.VgASj9J-Hm7INduECPQY25MFNvP-0Vi4n2KPDQidx7k', 'Data': {'BrokerID': 10, 'PriceCoinID': 'USDT', 'TradeCoinID': 'ETH', 'Direction': 83, 'Price': 123400, 'PriceDecimal': 4, 'Volume': 10000000, 'VolumeDecimal': 6, 'OrderSouce': 85, 'OrderType': 1, 'CustomInfo': 'test'}}
2019-08-09 15:01:50,330-<order>-INFO->>{"Type":1,"Result":{"State":"1013","Msg":"[1013] 资金不足，无法进行交易"},"Data":null,"TmpData":"资金不足"}
2019-08-09 15:01:55,534-<order>-INFO->>************进行买单操作************
2019-08-09 15:01:55,534-<order>-INFO->>{'Type': 1, 'UserID': 100000002, 'Token': 'eyJhbGciOiJIUzI1NiIsInR5cCI6IkpXVCJ9.eyJhdWQiOiJHcmVlbiIsImF1dGgiOiJ0cmFkZSIsImV4cCI6MTU2NTM0MTMwNywiaWF0IjoxNTY1MzM0MDQ3LCJpc3MiOiJHcmVlbiIsInN1YiI6MTAwMDAwMDAyfQ.VgASj9J-Hm7INduECPQY25MFNvP-0Vi4n2KPDQidx7k', 'Data': {'BrokerID': 10, 'PriceCoinID': 'USDT', 'TradeCoinID': 'ETH', 'Direction': 66, 'Price': 123400, 'PriceDecimal': 4, 'Volume': 10000000, 'VolumeDecimal': 6, 'OrderSouce': 85, 'OrderType': 1, 'CustomInfo': 'test'}}
